1a28
1a4g
1a59
1a8p
1a8u
1ag9
1aj0
1aog
1aym
1azm
1b4q
1bcu
1bj4
1bkf
1bkj
1buc
1bv3
1c3s
1cb0
1cea
1ceb
1cil
1coy
1cqp
1cqx
1ctr
1cwv
1czn
1d3h
1d4a
1d4d
1d6n
1ddg
1dma
1dmg
1dnl
1dnp
1e3v
1e5d
1eaz
1eem
1ek4
1f0x
1f17
1f4p
1f5l
1f5v
1f76
1f9g
1fdr
1fjw
1fl2
1fpn
1fta
1fue
1fuo
1fw1
1fwe
1g1l
1g5y
1g63
1ges
1gpm
1gvh
1he4
1hkq
1hqc
1hqs
1hvy
1hwk
1hyu
1hzp
1i0z
1i8t
1icr
1ie9
1isi
1ivh
1j3j
1j8u
1jd0
1jgi
1jh8
1jt6
1ju4
1ju6
1jyl
1jys
1k0i
1k4t
1kgz
1ki2
1knr
1kpg
1kpi
1kq0
1kqb
1krh
1kvl
1kwm
1l7f
1lf7
1lh0
1lhv
1lpf
1lqt
1lv2
1lvl
1m0s
1m17
1m2z
1m4g
1m6i
1ma0
1mgp
1mk0
1mo9
1mqo
1mrl
1mrz
1mv9
1mx1
1n83
1nb9
1nhp
1nhz
1nml
1nox
1np7
1nrg
1o02
1o04
1o1v
1o4l
1o86
1o94
1ocy
1ofd
1ojt
1onf
1oq5
1os6
1otj
1owl
1oyd
1p0m
1p0n
1p2z
1p3y
1p4c
1p4m
1p5j
1pbe
1phg
1pj2
1pj5
1pk2
1pkv
1ps9
1pt2
1pw1
1pzx
1q1r
1q20
1qca
1qfg
1qh5
1qki
1qmh
1qo8
1qsg
1qvt
1qzu
1r2j
1rcf
1rlb
1rlj
1ror
1rpw
1rx0
1ry8
1ryi
1rz1
1s19
1s2c
1s2d
1s3e
1s3z
1s9a
1sbz
1siq
1skx
1sq5
1sqn
1sr7
1ss4
1sv5
1sz7
1t46
1t5b
1t6y
1t9m
1ta0
1tb7
1tbf
1tjj
1tmx
1tpy
1trb
1tzx
1u11
1u8v
1uk6
1ukb
1ukw
1um0
1umk
1us0
1usq
1uwh
1uxy
1uze
1v0j
1v3q
1v93
1vbj
1vcf
1vfr
1vhn
1vkf
1vl1
1vma
1vyr
1w2t
1w4x
1w7l
1wei
1wrk
1wvf
1x70
1xdi
1xid
1xjt
1xkk
1xmu
1xoq
1xoz
1xp0
1xvy
1xw5
1xw6
1y0p
1y0x
1y93
1y9q
1ycg
1ykc
1ylj
1yrh
1yw1
1ywq
1yxm
1yy7
1z7x
1z9t
1z9y
1zmd
1zn7
1zpd
2aa6
2ab2
2am9
2aou
2aw1
2ay7
2b35
2bjf
2bmw
2byl
2cev
2cft
2coi
2cvd
2dqy
2du8
2e1q
2euf
2evd
2ez9
2f0z
2f2q
2f94
2g0l
2gd4
2gf3
2gfy
2gmc
2gqg
2gqw
2gr9
2grt
2h79
2hds
2hgs
2ht9
2i0k
2ifa
2ivu
2j07
2j6l
2jis
2jkn
2ki5
2kot
2lbd
2nnj
2nzl
2oo0
2opx
2ouz
2ovd
2oz7
2p16
2pd3
2pix
2pou
2q1q
2q3e
2q8h
2qio
2qr2
2qxs
2r14
2rgu
2rkb
2rlc
2sfp
2v0z
2v57
2vcv
2vdm
2vig
2vqe
2vv0
2w1b
2w26
2w8q
2w8y
2wey
2wgj
2wk0
2wyd
2xh1
2ydo
2yfx
2yob
2z5y
2z71
2z98
2zb8
3a6r
3a9e
3adx
3aox
3b6r
3bg3
3c7q
3cld
3cog
3cs9
3d4s
3d90
3dgq
3dk8
3dk9
3dtu
3dyd
3e2q
3e77
3e9k
3eig
3erd
3evj
3eyg
3fst
3fup
3fw3
3g0b
3g0e
3g1r
3g6e
3gfs
3gmz
3gr6
3gus
3gws
3gwx
3hcn
3hku
3hm1
3hs4
3i6a
3ihj
3ii0
3iwx
3jdw
3k54
3kiv
3kkj
3ko0
3l03
3l4w
3l6b
3lad
3lbd
3lfa
3lmy
3lxe
3lxk
3lxn
3mec
3ml5
3n45
3oap
3og7
3oll
3pcv
3po7
3pyy
3q19
3q95
3qe2
3qfa
3qfs
3rch
3rfm
3ruk
3rze
3s5y
3s7s
3sfp
3srf
3tt0
3tw2
3u5s
3ue4
3ugr
3uud
3vkx
3vn2
3vw7
3wzd
3wze
3znn
4a7v
4acs
4ag8
4agd
4an2
4ase
4bds
4bkj
4bvm
4c2p
4cfe
4clj
4coo
4d1p
4dm8
4dpr
4dri
4e1o
4ey5
4ey6
4fgl
4g5j
4g8a
4gt9
4his
4hms
4i22
4i24
4iaq
4iar
4ib4
4jnk
4jps
4k6i
4kmu
4kmz
4kpj
4l4e
4ldo
4lnx
4lrh
4lu3
4lxz
4m2v
4mbs
4mkc
4ms3
4mxo
4nkx
4o0h
4oqv
4owz
4p13
4p6w
4p6x
4pah
4pjv
4qa0
4qe6
4qog
4r1v
4r6e
4r7h
4r7i
4rek
4rer
4s0v
4tvj
4u0i
4u7z
4und
4uro
4uxq
4v04
4x1f
4x4l
4xux
4xv2
4zau
4zud
5cg5
5cr5
5nul
6c1r
6jdw
