16pk
19gs
1a2n
1a3e
1a6w
1ad8
1ae4
1afq
1ah0
1ah3
1alw
1amn
1aqv
1b02
1b0e
1b0f
1b6a
1b99
1ba3
1bcd
1bju
1bk9
1bke
1bl6
1bl7
1bls
1bma
1bmk
1bs1
1bso
1bsx
1bwf
1bzc
1bzj
1c0l
1c1e
1c22
1c3x
1c4u
1c5n
1c5q
1c5x
1c6x
1c8k
1c8m
1c9d
1cel
1cet
1ckp
1cph
1cqq
1csr
1css
1ct8
1ctr
1cxl
1cxv
1d0c
1d0x
1d0y
1d0z
1d1a
1d1b
1d1c
1d3d
1d3g
1d3h
1d4j
1d7o
1deh
1dg7
1dif
1diu
1dm2
1dm6
1dtq
1dtt
1dvr
1dvt
1dvx
1dvy
1dvz
1dwq
1dxw
1dy8
1dy9
1e0v
1e0x
1e4h
1e4i
1e5a
1e66
1e7b
1e8g
1ea1
1eas
1eat
1eau
1ec0
1ecv
1eet
1ek1
1ela
1elb
1elc
1eld
1ele
1em6
1ep4
1epo
1epr
1exa
1exp
1exx
1ezf
1f5l
1f86
1f9o
1fcm
1fcn
1fdk
1fjs
1fq8
1frb
1fsy
1fuy
1fvt
1fz8
1fz9
1g0n
1g3m
1g42
1g45
1g48
1g4j
1g4p
1g4t
1g52
1g5f
1g6c
1g9r
1gg6
1gj4
1gj6
1gj7
1gj8
1gj9
1gjd
1grq
1gs4
1gse
1gsz
1gte
1gth
1gw1
1gwx
1gxf
1gxz
1gyy
1gzg
1h00
1h01
1h07
1h08
1h11
1h1d
1h1r
1h2j
1h35
1h36
1h37
1h39
1h3a
1h3b
1h3c
1h4g
1h5u
1h6m
1h7x
1hbj
1hfs
1hk4
1hl9
1hn4
1hni
1hnv
1hpz
1hri
1hso
1ht5
1ht8
1hwi
1hwj
1hwk
1hwl
1hzl
1i48
1i9l
1i9m
1i9n
1i9o
1i9p
1i9q
1ian
1ie4
1iei
1iew
1igb
1ikx
1inc
1ioe
1iqe
1iqf
1iqg
1iqh
1iqi
1iqj
1iqk
1iql
1iqm
1iqn
1iwh
1j17
1j3j
1j3k
1j4r
1j51
1j91
1jdj
1jh1
1jip
1jqe
1jqn
1jwz
1jz2
1jzx
1k2o
1k2u
1k4s
1k63
1k6e
1kak
1kav
1kfy
1kgi
1kgj
1ki4
1ki6
1ki7
1ki8
1kjr
1kkq
1kuv
1kzn
1l2s
1l5r
1lev
1lgt
1lgw
1lgx
1li3
1lij
1lin
1lkd
1lpz
1lqf
1lww
1m2z
1m52
1m5c
1m66
1m67
1m78
1m7q
1m8d
1m9b
1m9j
1m9r
1m9t
1mfi
1ml7
1mmj
1mq5
1mq6
1mu6
1mu8
1mue
1mux
1mxc
1my3
1my4
1mzs
1n0h
1n4g
1n7i
1n7j
1n8v
1n92
1nav
1nax
1ncq
1ncr
1nde
1nfu
1nfw
1nfx
1nfy
1nhu
1nhv
1nhw
1nhx
1ni1
1nji
1njs
1nkk
1nm6
1nmy
1nnu
1nr6
1nt1
1o27
1o29
1o2n
1o2o
1o2p
1o2q
1o2r
1o2w
1o30
1o35
1o3i
1o3j
1o3l
1o3o
1o46
1o47
1o5c
1o5g
1o5m
1o5w
1o6h
1o6q
1o6r
1o79
1ob5
1oec
1oin
1ojc
1om5
1oo6
1oon
1opk
1opm
1oq5
1osn
1ouk
1ouy
1ove
1ovh
1ovj
1owz
1oyt
1oz1
1p2a
1p5e
1p62
1p93
1pbq
1pfv
1pfw
1pge
1pgg
1pgn
1phb
1phq
1pk9
1pke
1pme
1pmn
1pq6
1pq9
1pw6
1pwl
1pxh
1pxi
1pxl
1pxx
1py2
1pye
1pzo
1q1m
1q4l
1q54
1q6j
1q6m
1q6n
1q6p
1q6s
1q6t
1qb1
1qb6
1qh5
1qhy
1qin
1qk0
1ql7
1ql9
1qpe
1qrd
1qs4
1qsg
1qv6
1qv7
1qvn
1qwn
1qx1
1qy8
1qye
1r08
1r0e
1r35
1r4l
1r58
1r6g
1r6n
1r78
1r9o
1ra0
1rc0
1rc1
1rds
1re1
1rev
1rf4
1rhq
1rhr
1rjw
1rm9
1ro7
1ro9
1rrx
1rs4
1rsi
1rt5
1rt6
1rt7
1rv1
1rw8
1rwq
1s1t
1s2c
1s2d
1s2i
1s63
1s64
1s6p
1s6r
1s9e
1s9g
1s9i
1s9j
1sa4
1sby
1sdw
1sez
1shj
1shl
1sl3
1sn0
1sn5
1snk
1so2
1sr7
1suo
1suq
1sv5
1sv9
1sve
1svg
1svh
1t0s
1t1s
1t41
1t47
1t48
1t49
1t4e
1t4v
1t84
1t9b
1t9u
1ta2
1ta6
1td7
1tf9
1tg5
1tgv
1tha
1thc
1tkt
1tkx
1tkz
1tl1
1tl3
1tnh
1tou
1tqf
1tsl
1tsn
1ttv
1tu6
1tv5
1tvr
1tzm
1u0z
1u21
1udb
1uhi
1uhj
1uhl
1uhv
1uk0
1uk1
1uo4
1uou
1upj
1upv
1uqt
1us0
1usn
1utr
1uum
1uuo
1uv5
1uwr
1uws
1uyd
1uye
1uyg
1uyh
1uyi
1uyk
1uyr
1uys
1v0p
1v1j
1v1k
1v3x
1v48
1v79
1vaf
1vag
1veb
1vgc
1vj3
1vj5
1vru
1vsn
1vyq
1vzc
1w3c
1w4q
1w5v
1w5w
1w5x
1w5y
1w6h
1w6j
1w70
1w7g
1w82
1w83
1way
1wbg
1wbn
1wbo
1wbs
1wbt
1wbv
1wcc
1wm0
1wok
1wq3
1wrk
1wu1
1wut
1wuy
1wv0
1wv1
1ww3
1wxz
1x70
1x7a
1x7b
1x81
1x84
1x97
1xa5
1xbu
1xe5
1xe6
1xh5
1xiv
1xkk
1xl5
1xls
1xm4
1xmu
1xnz
1xoi
1xon
1xoq
1xor
1xq0
1xqx
1xrl
1xsk
1xu3
1xud
1xvb
1xvc
1xvd
1xve
1xvf
1xvg
1xvp
1xz1
1xz3
1y0s
1y1d
1y2f
1y2h
1y4z
1y8y
1ybh
1ydt
1ygc
1yhz
1yin
1ykr
1yom
1you
1yqy
1yrs
1ysg
1ysi
1ysx
1yt7
1yvf
1yvz
1yw2
1yw9
1ywn
1ywr
1yy4
1yye
1yz3
1z34
1z3n
1z4u
1z5m
1z6e
1z71
1z76
1z7j
1z8a
1z95
1z9h
1zaf
1zg7
1zge
1zgf
1zgi
1zgs
1zgv
1zlt
1zoe
1zog
1zoh
1zom
1zp0
1zpc
1zpz
1zrb
1zsl
1zsn
1zua
1zw1
1zw9
1zwh
1zxb
1zxl
1zxv
1zyx
1zz2
1zzl
2a4z
2a75
2a7q
2a9n
2a9w
2abj
2acz
2aei
2af6
2ag6
2ags
2ah2
2aid
2akw
2am1
2am2
2am4
2ano
2aou
2aov
2ar8
2as4
2ath
2ati
2awz
2ax1
2ax8
2ax9
2ayl
2az5
2b1p
2b35
2b4t
2b53
2b54
2b5j
2b6a
2b77
2b7a
2b9a
2baj
2bal
2be2
2bed
2bfn
2bhe
2bl9
2bmg
2bml
2boh
2bpy
2bq6
2bqw
2bre
2bu5
2bu6
2bu8
2bu9
2bub
2buc
2bvn
2bvr
2bvs
2bvx
2bxe
2bxf
2bxk
2bxl
2bxn
2bxr
2bxt
2bxu
2bxv
2byh
2byi
2byq
2bz5
2bz6
2c1a
2c1b
2c1p
2c1z
2c2w
2c47
2c4f
2c5b
2c68
2c69
2c6c
2c8w
2c8x
2c8z
2c90
2c94
2c97
2ccs
2cct
2ccu
2cdz
2cej
2cf8
2cgf
2chl
2chw
2chz
2cit
2cji
2cmc
2cmw
2cn0
2cnb
2cne
2cng
2cni
2csn
2d1j
2d2c
2d3z
2d5x
2d5z
2dhc
2dm6
2dqt
2dy5
2e1r
2e2b
2e9p
2e9u
2e9v
2ea2
2ea4
2eg8
2ei6
2ei7
2ei8
2est
2eu3
2eud
2evc
2evm
2ewa
2exc
2exg
2f2c
2f4g
2f4v
2f57
2f5m
2f7i
2f8i
2fdp
2fhy
2fie
2fix
2fj0
2fjm
2fjp
2fky
2fl2
2fl6
2fm0
2fm5
2foh
2foi
2fpt
2fpv
2fpy
2fq6
2fq9
2fqi
2fqq
2fra
2ft2
2fvd
2fwy
2fwz
2fxs
2fyp
2fyu
2fzd
2fzz
2g00
2g01
2g0g
2g0h
2g19
2g1q
2g1s
2g24
2g2h
2g5t
2g6p
2g6w
2g71
2g72
2g7y
2g8n
2g9k
2ga2
2gab
2gc8
2gde
2gdo
2gfd
2gfs
2gg0
2gg2
2gg3
2gg5
2gh6
2ghl
2ghm
2giq
2giu
2gj4
2glm
2glp
2gm1
2gm9
2gmv
2gmx
2gqx
2gsq
2gtk
2gtm
2gtn
2gu8
2gwh
2gyd
2gz7
2gz8
2h1h
2h4g
2h4k
2h55
2h6b
2h79
2h8h
2h8m
2h9y
2hai
2hb1
2hbt
2hfp
2hg3
2hg9
2hh5
2hhk
2hhn
2hit
2hiw
2hj6
2hkj
2hm1
2hnz
2hoc
2hvc
2hvx
2hwd
2hwe
2hwi
2hz0
2hzi
2hzn
2i0h
2i0v
2i1r
2i40
2i4q
2i6a
2i78
2i80
2i82
2ica
2ieg
2iei
2iit
2iiv
2ij7
2ijn
2ilp
2ilt
2ima
2inx
2iqg
2irz
2is0
2is7
2iso
2ivd
2ivu
2iw1
2iw6
2iws
2iwu
2iwx
2iy7
2iy8
2izs
2izt
2izu
2j08
2j14
2j2u
2j34
2j38
2j4a
2j4i
2j51
2j7t
2j90
2j94
2j95
2j9m
2jam
2jav
2jaw
2jc0
2jdo
2je7
2jh0
2jh5
2jh6
2jhr
2jie
2jjj
2jjk
2jjp
2jkh
2jkj
2jkl
2jkm
2jkn
2jko
2jkq
2jld
2jle
2jpr
2jst
2jxr
2k1q
2kaw
2krd
2kug
2l1r
2l65
2lwi
2lzg
2m9p
2mgy
2muv
2n06
2n0u
2n0w
2n14
2n8c
2ndo
2nlr
2nni
2nnj
2no0
2no5
2no6
2np8
2nt7
2nta
2ntg
2ntr
2nud
2nw4
2nw9
2o2h
2o2s
2o2u
2o2y
2o4l
2o4p
2o5d
2o5k
2o7n
2o9i
2oag
2obj
2ofv
2og8
2ogz
2oh4
2ohn
2oi4
2oji
2ojj
2ok1
2ok9
2ol4
2ole
2ong
2onh
2ony
2oo8
2oos
2oow
2op0
2op1
2op3
2opa
2oph
2opm
2ops
2oqi
2oqv
2osc
2ot1
2otl
2oty
2ow0
2ow1
2ow2
2oxd
2oxx
2oxy
2oye
2oyu
2oz5
2oz7
2p15
2p1n
2p2v
2p33
2p3g
2p3t
2p3u
2p4i
2p4y
2p54
2p55
2p71
2p7a
2p83
2p8h
2p8s
2p93
2p94
2p95
2p9a
2pb1
2pd3
2pd4
2pdg
2pdk
2pf8
2ph6
2phb
2pit
2piv
2pix
2pkk
2pmo
2pnc
2pnu
2pou
2pow
2pq9
2pqd
2pr3
2prh
2pu1
2pvk
2pzn
2q0m
2q1j
2q2y
2q2z
2q59
2q5g
2q5p
2q5s
2q61
2q6b
2q6c
2q6h
2q6j
2q6n
2q6r
2q6s
2q70
2q7m
2q7q
2q7r
2q85
2q8g
2q8h
2q8i
2q94
2q95
2q96
2qbp
2qbq
2qbr
2qbs
2qc6
2qcb
2qcf
2qcg
2qch
2qd9
2qe2
2qe5
2qf6
2qfo
2qgd
2qgw
2qhy
2qhz
2qi0
2qio
2qjr
2qky
2qlq
2qmd
2qmf
2qmg
2qn3
2qnn
2qnp
2qnq
2qoe
2qp6
2qp8
2qpm
2qpy
2qs1
2qs2
2qs4
2qt9
2qtb
2qtu
2qu3
2qu5
2qu6
2qve
2qvz
2qw0
2qx8
2qzl
2qzo
2r07
2r2m
2r3f
2r3g
2r3i
2r3j
2r3k
2r3l
2r3m
2r3p
2r3q
2r3r
2r4b
2r4f
2r9s
2ra0
2ra4
2ray
2rb0
2rbe
2rbs
2rf2
2rfn
2rfs
2rgm
2rgp
2rht
2rhw
2rjr
2rjs
2rki
2rl5
2rm2
2uue
2uvn
2uw0
2uw5
2uw6
2uw7
2uw8
2uw9
2uwd
2uwl
2uwo
2uwp
2uxp
2uxz
2uy0
2uy3
2uzl
2uzw
2v0c
2v0m
2v22
2v34
2v3o
2v58
2v5z
2v60
2v61
2v7m
2v7w
2v8y
2v96
2vce
2vcg
2vd1
2vd4
2veu
2vev
2vew
2vex
2vey
2vfz
2vg5
2vg6
2vg7
2vgc
2vgp
2vh0
2vh6
2vio
2vip
2viv
2viw
2vj7
2vk7
2vnm
2vnn
2vnt
2vo0
2vo3
2vo6
2vp6
2vpp
2vpy
2vqq
2vqs
2vr1
2vtd
2vtj
2vtn
2vto
2vtp
2vtq
2vtr
2vtt
2vu3
2vvc
2vvt
2vvu
2vvv
2vwl
2vwm
2vwn
2vwo
2vwu
2vwv
2vww
2vwx
2vwy
2vwz
2vx0
2vx1
2vx3
2vz2
2w0s
2w0w
2w17
2w1c
2w26
2w3i
2w3k
2w3l
2w4o
2w5u
2w6m
2w71
2waj
2wbb
2wbd
2wbk
2wd3
2wd7
2wd8
2wdr
2weh
2wek
2wer
2wf0
2wfg
2wgj
2whi
2who
2wi4
2wi6
2wi7
2wk6
2wkm
2wm3
2wmd
2wmw
2wo6
2wp5
2wp6
2wpc
2wpe
2wpf
2wpo
2wpu
2wsa
2wtv
2wu6
2wu7
2wue
2wv2
2wvs
2wx2
2wxf
2wxg
2wxh
2wxl
2wxo
2wyg
2wyj
2wyw
2wz6
2wzi
2x0h
2x0v
2x2n
2x39
2x68
2x6d
2x6e
2x6j
2x6o
2x7e
2x7g
2x9h
2xa4
2xae
2xag
2xat
2xb5
2xb7
2xbj
2xbv
2xbw
2xbx
2xby
2xc0
2xc4
2xc5
2xct
2xd6
2xdu
2xel
2xfh
2xh1
2xhd
2xhr
2xik
2xkk
2xn5
2xn6
2xne
2xng
2xnm
2xnn
2xno
2xnp
2xnt
2xo8
2xp6
2xpb
2xpc
2xrg
2xsh
2xu3
2xu4
2xu5
2xvk
2xx2
2xx4
2xx5
2xx7
2xx8
2xx9
2xxh
2xxi
2xyj
2xyl
2xyu
2xyw
2xyx
2xzk
2y1b
2y1f
2y1g
2y1w
2y1x
2y2f
2y2h
2y2j
2y2k
2y2l
2y2o
2y2p
2y30
2y37
2y3p
2y4a
2y5f
2y5g
2y5h
2y5l
2y68
2y6c
2y6d
2y6o
2y6q
2y6r
2y7j
2y7x
2y7z
2y80
2y81
2y82
2yac
2yak
2yc3
2yc5
2ycm
2ycp
2ycz
2ydf
2ydj
2yfl
2yhi
2yi0
2yi5
2yi7
2yis
2yiy
2yj2
2yj8
2yj9
2yjc
2yk7
2ykn
2ylp
2ym8
2yn4
2ynd
2yng
2ynh
2yni
2yoe
2yof
2yog
2yoj
2yol
2ywp
2yxj
2z2d
2z2w
2z4b
2z78
2z7s
2zb2
2zb8
2zdt
2zdu
2zdv
2zdz
2ze1
2zfp
2zgb
2zia
2zir
2zj0
2zjj
2zjk
2zjl
2zjm
2zjn
2zk6
2zm1
2zm3
2zm4
2zmm
2zn7
2znq
2zoq
2zp1
2zv9
2zva
316d
3a0i
3a1l
3a4p
3a8b
3aaq
3abt
3abu
3abv
3ad4
3ad5
3adx
3ae1
3ae4
3ae7
3ae9
3aea
3aeb
3aec
3aed
3aee
3aeg
3air
3aiw
3am5
3ama
3amv
3ao2
3ao5
3apx
3asx
3ax4
3az8
3az9
3aza
3azb
3b0q
3b12
3b27
3b28
3b2w
3b3o
3b3p
3b56
3b5r
3b65
3b66
3b67
3b68
3b69
3b8q
3b8z
3ba8
3bbt
3bcj
3be2
3bel
3bgl
3bgp
3bgq
3bhy
3bi6
3biz
3bl1
3bl7
3bl9
3bla
3blr
3bm9
3bmy
3bny
3bpr
3bqm
3bqn
3bys
3byu
3bz3
3bzu
3c0a
3c1x
3c27
3c3u
3c43
3c45
3c49
3c4c
3c5u
3c6t
3c6u
3c79
3c84
3ccc
3cct
3ccw
3ccz
3cd0
3cd7
3cda
3cdb
3cdp
3ce3
3ceh
3cej
3cem
3cen
3cfl
3cgy
3ch6
3cib
3cic
3cid
3ciz
3cj0
3cj2
3cj3
3cj4
3cj5
3cjo
3cke
3cld
3cn1
3cn2
3cn3
3cn4
3cpc
3cpo
3cqe
3cqw
3cr0
3cs7
3csh
3csj
3cso
3cst
3cth
3ctj
3cv7
3cw8
3cw9
3cwb
3cwe
3cxc
3cxm
3cxw
3cy2
3d14
3d15
3d1g
3d2i
3d2k
3d3e
3d4l
3d4n
3d52
3d57
3d5m
3d5q
3d6u
3d6v
3d7d
3d7f
3d7h
3da2
3db6
3db8
3dbd
3dbe
3dbf
3dcc
3dct
3dcu
3ddu
3ddw
3dea
3dej
3dek
3dga
3dgq
3dhh
3dho
3di6
3dj5
3dj7
3dko
3dle
3dlg
3dlp
3dm6
3dmj
3dmz
3dn0
3dn1
3dn2
3dn6
3dn8
3dok
3dol
3doy
3doz
3dp0
3dp1
3dp2
3dp3
3dqs
3dqt
3dr1
3drp
3drs
3dt0
3dtw
3du7
3du8
3dux
3dv3
3dws
3dxm
3dy7
3dya
3dyg
3dzg
3dzq
3e00
3e01
3e0q
3e2m
3e3d
3e3s
3e3t
3e5u
3e5x
3e62
3e65
3e6l
3e6o
3e6t
3e79
3e7c
3e7i
3e7t
3e7v
3e8n
3e9z
3ef3
3efj
3efk
3eft
3efw
3egk
3eio
3ej2
3ekk
3ekn
3el7
3el8
3elc
3elj
3ens
3eon
3epf
3eq7
3eqb
3eqc
3erk
3esc
3esn
3eso
3esp
3et7
3etd
3ete
3etg
3ev4
3ewh
3ey4
3eyh
3f18
3f19
3f1o
3f3c
3f4b
3f4x
3f5e
3f5p
3f66
3f68
3f78
3f7z
3f8s
3f9m
3f9n
3fa3
3faa
3fal
3fc1
3fc6
3fc8
3fcb
3fco
3fei
3fej
3ffg
3ffi
3fh7
3fi3
3fi4
3fj6
3fkn
3fko
3fkt
3fl4
3fli
3fln
3flq
3fls
3flw
3fly
3fmd
3fmh
3fmk
3fml
3fmm
3fmn
3fmz
3fne
3fnf
3fng
3fnh
3fo7
3fof
3fqk
3fql
3fqs
3fr4
3frc
3frj
3fsf
3fsk
3ft8
3fu0
3fuc
3fue
3fuf
3fur
3fv8
3fxw
3fxz
3fzk
3fzl
3fzr
3g0c
3g0e
3g0g
3g0u
3g0w
3g1l
3g1v
3g30
3g35
3g3n
3g49
3g4f
3g4q
3g4r
3g4u
3g4v
3g4w
3g4y
3g52
3g53
3g5d
3g5e
3g6h
3g6z
3g70
3g72
3g86
3g8o
3g90
3g9l
3g9n
3gb4
3gb9
3gc7
3gc9
3gcs
3gd2
3gdx
3geq
3gfe
3ggs
3gh8
3gi4
3gi6
3gl0
3glz
3gmo
3gn0
3gn2
3gn8
3gnr
3gnv
3gnw
3gol
3gp0
3gpt
3gql
3gr4
3gr6
3gsh
3gt3
3gt4
3gw5
3gw9
3gwc
3gwu
3gwv
3gww
3gz9
3h0a
3h0b
3h0c
3h0y
3h0z
3h10
3h1k
3h1l
3h2l
3h30
3h3c
3h4g
3h4i
3h59
3h5s
3h5u
3h6k
3h6o
3h7w
3h82
3ha6
3hab
3hac
3hc5
3hc6
3hcc
3hcf
3hcm
3hd3
3hek
3hf8
3hfg
3hfj
3hg4
3hgp
3hj8
3hke
3hkw
3hky
3hl7
3hl8
3hll
3hmi
3hmp
3hnb
3hng
3hok
3hp2
3hp5
3hp9
3hpz
3hq5
3hrb
3hrf
3ht8
3htf
3hvh
3hvi
3hvj
3hvk
3hvn
3hvo
3hyf
3hzt
3i03
3i06
3i0r
3i0s
3i25
3i28
3i4v
3i4y
3i51
3i60
3i6c
3i6d
3i6r
3i7g
3i81
3i9j
3i9m
3i9n
3i9o
3iad
3ib0
3ib1
3ibd
3icn
3id0
3idp
3iej
3ies
3ig6
3igu
3igv
3ii4
3ii5
3iit
3ij7
3ij8
3ijo
3ik3
3ik6
3ika
3il1
3il5
3ilt
3ilu
3imr
3ims
3imt
3imu
3imv
3imw
3inh
3inj
3inv
3inw
3iog
3iok
3ipb
3ipe
3ipq
3ips
3ipu
3ipx
3irm
3iro
3iti
3itz
3iu7
3iu8
3iu9
3ivh
3ivi
3iw2
3iw5
3iw8
3iwe
3iww
3ix4
3ix8
3ixj
3ixk
3ixp
3jpn
3jpq
3jps
3jpt
3jpu
3jqc
3jsf
3jsu
3jtk
3jum
3juq
3jus
3jvr
3jwe
3jws
3jwu
3jwv
3jww
3jwx
3jwy
3jwz
3jx3
3jy0
3jya
3jz0
3jzb
3jzf
3jzi
3jzk
3k1o
3k1w
3k22
3k23
3k2x
3k3h
3k3i
3k3j
3k4l
3k54
3k5v
3k6p
3k8s
3k8x
3k97
3k98
3k9f
3kba
3kck
3kcx
3kdc
3kdd
3kdt
3kdu
3kej
3kek
3kf7
3kfa
3kfc
3kfy
3kgc
3khj
3ki6
3kjm
3kjq
3kk1
3kk3
3kk6
3kku
3kl6
3km4
3kmm
3kmx
3kmy
3ko0
3koo
3kou
3kpy
3kqb
3kqc
3kqd
3kqm
3kqo
3kqw
3kr1
3kr2
3kr8
3krr
3kry
3ksl
3ksq
3ksw
3kvi
3kvk
3kvm
3kvr
3kvv
3kvw
3kvx
3kvz
3kw1
3kw4
3kw9
3kwb
3kwf
3kwj
3kwz
3kxg
3kxh
3kxm
3kxn
3kxo
3l08
3l0e
3l14
3l1b
3l1s
3l2u
3l38
3l3a
3l3m
3l4d
3l58
3l59
3l5b
3l70
3l72
3l79
3l7a
3l7b
3l7c
3l7d
3l8s
3l8v
3l9h
3l9l
3la3
3lak
3lb1
3lb2
3lb3
3lb4
3lbj
3lbk
3lbl
3lbw
3lbz
3lcd
3lce
3ld6
3ldx
3le6
3lfa
3lfq
3lfs
3lgp
3lhg
3lhj
3lil
3lj1
3lj2
3lj6
3lk0
3lk9
3lkh
3lmy
3ln0
3ln1
3lnk
3lo2
3lok
3lpg
3lpi
3lpj
3lpk
3lpt
3lpu
3lt0
3lt1
3lt2
3lt4
3ltn
3lu6
3lu7
3lu8
3lvp
3lxl
3lxp
3ly2
3lz9
3m00
3m0i
3m0j
3m0w
3m1o
3m2n
3m2w
3m35
3m36
3m37
3m3f
3m3l
3m40
3m4h
3m5e
3m67
3m6f
3m96
3m98
3ma6
3mbl
3mdc
3mdt
3mdv
3mec
3mhj
3mho
3miy
3mla
3mlb
3mmf
3mmx
3mna
3mnp
3mo7
3mqe
3mqf
3ms4
3ms7
3ms9
3msa
3msj
3msk
3msl
3mt7
3mt8
3mta
3mtb
3mvh
3mw1
3mwa
3mxe
3my1
3my5
3myq
3mzd
3n0n
3n1v
3n1w
3n33
3n34
3n3g
3n4b
3n4c
3n5h
3n5j
3n6n
3n7o
3n7r
3n7s
3n8y
3nai
3nax
3nb5
3nbq
3ncz
3ndm
3nef
3new
3nf7
3nf8
3nf9
3nfa
3nh8
3nj4
3nj8
3nk8
3nkk
3nks
3nle
3nlf
3nlg
3nlh
3nlm
3nln
3nlo
3nlp
3nlt
3nlu
3nlv
3nlw
3nlx
3nly
3nlz
3nm0
3nm1
3nmn
3nmq
3nmt
3nmv
3nn7
3nnu
3nnw
3nny
3nnz
3nox
3np7
3np9
3npa
3nrc
3ns2
3ntg
3nty
3nux
3nvh
3nw5
3nw6
3nw7
3nw9
3nwb
3nwe
3nyx
3o0g
3o0u
3o1d
3o1e
3o1g
3o23
3o28
3o29
3o2a
3o2x
3o32
3o3j
3o4v
3o50
3o51
3o6g
3o6h
3o6o
3o8a
3o8h
3o8t
3o9l
3oad
3oag
3ocb
3odv
3oeu
3og7
3ohh
3oht
3oid
3oif
3oji
3okh
3oki
3olf
3omk
3omm
3omo
3omp
3omq
3omu
3oni
3oof
3ook
3oot
3ooz
3opd
3oq1
3orn
3orz
3os3
3os8
3osi
3osw
3ot3
3oth
3ouh
3oui
3ovx
3ovz
3ow2
3owb
3owd
3owh
3owk
3owl
3owp
3oy3
3oya
3oyb
3oyc
3oyd
3oye
3oyf
3oyg
3oyh
3oyp
3oz0
3ozc
3ozl
3ozs
3ozu
3ozv
3ozw
3p0m
3p0n
3p0p
3p0q
3p3r
3p3s
3p3t
3p4v
3p4w
3p5r
3p5s
3p7c
3p89
3p8h
3p8n
3p8z
3p9t
3pa3
3pa4
3pa5
3pba
3pbl
3pbm
3pcf
3pch
3pci
3pdc
3pdf
3pdj
3pe1
3peh
3pgh
3phe
3pi5
3piy
3pj1
3pj2
3pjc
3pl8
3pld
3plq
3pmh
3pmu
3pmv
3pmw
3pmx
3pne
3pnf
3png
3pnh
3poz
3pp0
3pp1
3prf
3ptm
3ptq
3pup
3pvg
3pvu
3pvw
3pyk
3pyy
3q0t
3q11
3q2g
3q2h
3q2j
3q2m
3q2z
3q32
3q3k
3q3m
3q4b
3q4c
3q5h
3q5k
3q77
3q7a
3q7s
3q8w
3q96
3qbf
3qbn
3qce
3qcg
3qch
3qci
3qcj
3qck
3qcl
3qcm
3qdd
3qen
3qfv
3qfx
3qg2
3qge
3qgf
3qgg
3qgh
3qgi
3qgj
3qgt
3qi1
3qi3
3qin
3qiy
3qiz
3qj0
3qk0
3qkd
3qkv
3qp5
3qpj
3qqg
3qqh
3qrj
3qrk
3qrm
3qro
3qrs
3qsa
3qsb
3qtk
3qtz
3qup
3qwc
3qwj
3qwk
3qx4
3qx5
3qyw
3qyz
3qzg
3qzi
3qzr
3r00
3r01
3r02
3r0i
3r0t
3r0w
3r17
3r1q
3r1s
3r28
3r2f
3r3v
3r3x
3r4m
3r4n
3r4o
3r4p
3r6i
3r6t
3r7m
3r7q
3r7r
3r8d
3r8h
3r94
3r9c
3r9d
3r9h
3r9o
3rad
3ras
3rcd
3rdb
3rdp
3rf4
3rg9
3rgf
3rjc
3rlj
3rll
3rlp
3rlq
3rlr
3rm4
3rm9
3rml
3rmm
3rmn
3rmo
3ro5
3roc
3rok
3rom
3rop
3roq
3rpr
3rps
3rqj
3rql
3rqm
3rqn
3rqo
3rqp
3rr3
3rs2
3rs6
3rt6
3rt8
3rtf
3ruo
3rut
3ruu
3rvb
3rvf
3rwp
3rx2
3rx4
3ryj
3ryx
3ryz
3rz1
3rz3
3rz7
3rzf
3s00
3s0j
3s2a
3s2o
3s3m
3s7b
3s92
3s9s
3s9t
3s9z
3sax
3saz
3sb0
3scs
3sd0
3sd5
3sdg
3sfc
3sfd
3sff
3sfh
3sfi
3sfk
3sfx
3sfy
3sh3
3sha
3shc
3she
3shy
3shz
3sie
3sjf
3sji
3sjo
3ska
3skc
3ske
3skg
3skh
3skk
3sl0
3sls
3smr
3sn7
3snl
3soa
3sor
3sos
3sp7
3spf
3spk
3sq6
3srb
3src
3srs
3ssa
3ssj
3str
3su0
3svj
3svp
3svq
3sw2
3sw8
3sww
3sx0
3sx4
3sxr
3sxs
3sym
3syr
3t03
3t07
3t0l
3t0t
3t11
3t1a
3t3e
3t3g
3t3h
3t3i
3t42
3t5f
3t6i
3t78
3t8m
3t96
3t9t
3tam
3tc5
3tcp
3tdj
3tfp
3tfr
3tfs
3tfv
3tg6
3tgs
3tgu
3th9
3thb
3ti1
3tik
3tj2
3tk5
3tk6
3tkd
3tkm
3tmz
3tnz
3tt0
3tti
3ttj
3ttz
3tu1
3tud
3tur
3tv4
3tv6
3tyl
3tyv
3tz4
3tza
3u15
3u2c
3u2d
3u2k
3u2o
3u4o
3u4r
3u4x
3u5j
3u5k
3u5l
3u61
3u6a
3u6h
3u6i
3u6j
3u7l
3u7m
3u8n
3u8w
3u9a
3u9f
3ua1
3ua5
3ua8
3udl
3udp
3udq
3udy
3ue4
3ufo
3ufp
3ufq
3ufr
3ufs
3uft
3ugc
3ugr
3uh4
3uib
3uic
3ukr
3ule
3uli
3um8
3unk
3unz
3uo6
3uod
3uoh
3uok
3uol
3up2
3uph
3upi
3uqu
3uqw
3uqx
3utu
3uua
3uuc
3uvp
3uvq
3uvv
3uwp
3uxe
3uxh
3uxm
3uz5
3uzc
3uzp
3v01
3v04
3v1x
3v49
3v4a
3v4v
3v51
3v5q
3v5w
3v66
3v7t
3v8m
3v8n
3v8p
3v8t
3v9b
3vap
3vbg
3vbt
3vbx
3vc4
3vev
3vf3
3vf6
3vf8
3vg1
3vgn
3vhe
3vi7
3vjh
3vjl
3vjm
3vkx
3vnt
3vo0
3vob
3vpl
3vq9
3vqb
3vqe
3vqh
3vqs
3vra
3vrb
3vsx
3vtk
3vuc
3vva
3vvh
3vvp
3vw7
3vws
3vyd
3vye
3vyf
3vzd
3vzn
3vzv
3w09
3w0a
3w0c
3w0y
3w18
3w1a
3w1l
3w1m
3w1n
3w1t
3w23
3w2j
3w2k
3w2m
3w2n
3w2p
3w2q
3w2s
3w2u
3w32
3w33
3w54
3w69
3w6i
3w74
3w78
3w8x
3wav
3waw
3wax
3way
3we4
3wf7
3wff
3wfg
3wgw
3wha
3wif
3wig
3wj8
3wk8
3wk9
3wpn
3wsp
3wth
3wti
3wtj
3wtl
3wtn
3wv1
3wyk
3wyl
3wym
3wzd
3wze
3zbf
3zbx
3zc6
3zcq
3zcw
3zcz
3zdi
3zg2
3zg3
3zhx
3zhz
3zi0
3zj8
3zkn
3zlq
3zlx
3zm4
3zm5
3zm6
3zme
3zmg
3zmm
3zno
3znr
3zns
3zo7
3zos
3zov
3zp9
3zps
3zpt
3zpu
3zr7
3zra
3zrl
3zs0
3zs5
3zse
3zsh
3zu4
3zwp
3zws
3zwt
3zwy
3zze
456c
4a06
4a07
4a16
4a30
4a32
4a33
4a4l
4a4o
4a4x
4a5y
4a6l
4a6v
4a6w
4a7c
4a7i
4a7s
4a92
4a97
4a98
4a9r
4aaa
4abf
4abu
4abv
4ac2
4acf
4acu
4acx
4afe
4agd
4agl
4agm
4agn
4ago
4agp
4agq
4agu
4agw
4aj2
4ajh
4ajm
4ali
4alj
4alu
4alv
4alw
4amw
4amx
4an2
4an3
4an9
4anb
4anm
4anw
4aoj
4ap7
4aq3
4ark
4arr
4as7
4ase
4asx
4at4
4au0
4avg
4aw0
4aw1
4awg
4awk
4awu
4ax6
4axa
4axm
4az0
4az3
4azy
4b00
4b05
4b0g
4b0o
4b0p
4b1r
4b3t
4b4m
4b6s
4b70
4b71
4b73
4b74
4b76
4b80
4b81
4b82
4b84
4b85
4b95
4b9e
4b9h
4ba0
4bae
4bbp
4bc5
4bc6
4bcd
4bcw
4bdt
4bdy
4bdz
4be0
4be1
4be2
4bfd
4bfs
4bft
4bfu
4bfv
4bfw
4bfx
4bgh
4bgm
4bjc
4bjk
4bjx
4bky
4bkz
4bm8
4bmm
4bn6
4bn7
4bnk
4bnt
4bnv
4bnx
4bo1
4bo3
4bo5
4bo8
4bpm
4bpv
4bqg
4bqh
4bqp
4bqr
4bqv
4bqy
4bs5
4bs6
4bti
4btl
4btm
4btt
4btu
4bty
4bu7
4bul
4buz
4bva
4bvc
4bvd
4bvh
4bvv
4bvx
4bw4
4by0
4byi
4byj
4bz9
4bzo
4c0c
4c1m
4c27
4c28
4c2v
4c37
4c4d
4c4g
4c4i
4c4j
4c4t
4c4x
4c4y
4c52
4c5d
4c5s
4c61
4c62
4c66
4c6l
4c73
4c78
4c7b
4c8b
4c9w
4c9x
4cam
4can
4cao
4cap
4caq
4car
4cav
4caw
4cax
4cbt
4cc5
4cc6
4ccb
4ccu
4cdt
4cdw
4ce1
4ce2
4ce3
4cf6
4cfn
4cft
4cg8
4cgl
4cgn
4chz
4cjv
4ck8
4ck9
4cka
4ckl
4ckr
4cl6
4cm4
4cmb
4cmg
4cmi
4cmj
4cmo
4cmt
4cmu
4cn4
4cnh
4coh
4cox
4cqa
4cqe
4cqg
4cqj
4cr5
4crb
4crc
4crd
4cre
4crf
4csj
4cst
4csw
4ct1
4ctb
4ctc
4cup
4cwr
4cwt
4cxu
4cyn
4cyo
4cyp
4cyq
4czg
4czh
4d0l
4d0m
4d0r
4d0s
4d0w
4d0x
4d1c
4d1s
4d2w
4d2y
4d2z
4d32
4d33
4d34
4d35
4d36
4d37
4d38
4d3a
4d3b
4d42
4d43
4d44
4d45
4d46
4d4j
4d4l
4d4m
4d4v
4d58
4d5h
4d6t
4d6u
4d7h
4d7j
4d7o
4d85
4d88
4d89
4da5
4da8
4dae
4dan
4dbn
4dbu
4dbw
4dc3
4ddy
4de3
4deb
4df2
4dgg
4dhm
4dhp
4dhq
4dhr
4dhs
4dhu
4dij
4djo
4djx
4dk7
4dk8
4dko
4dkp
4dkq
4dkr
4dku
4dkv
4dld
4dma
4dmx
4dmy
4dnf
4do3
4do9
4doa
4dob
4doc
4dph
4dpu
4dq5
4drq
4dsa
4dst
4dsz
4dt6
4dtc
4dum
4dus
4dv8
4dvr
4dvs
4dvt
4dvv
4dvw
4dvx
4dxd
4dya
4dyb
4dyn
4dyp
4dz7
4dz9
4dzy
4e01
4e1n
4e1v
4e1z
4e20
4e26
4e28
4e2j
4e3l
4e3m
4e3n
4e3o
4e4x
4e5d
4e5h
4e6x
4e7r
4e8z
4e91
4e93
4e99
4ead
4eev
4eg4
4eg5
4eg6
4eg7
4ega
4egk
4eh9
4ehe
4ehg
4ehv
4ejn
4ejv
4ek4
4ekl
4elf
4emv
4enh
4enx
4eny
4ep9
4eph
4epq
4epx
4eqc
4equ
4er6
4er7
4ere
4erf
4est
4ews
4ezj
4f1s
4f2a
4f3i
4f4b
4f4p
4f4q
4f5n
4f63
4f64
4f65
4f8h
4f9m
4f9y
4fa2
4fad
4fat
4fbx
4fc0
4fcd
4fcr
4fdn
4fdo
4fea
4few
4fex
4ffw
4fgk
4fgl
4fgz
4fh6
4fi6
4fi7
4fi8
4fia
4fim
4fjy
4fjz
4fk3
4fki
4fko
4flh
4flp
4fm5
4fm7
4fm8
4fny
4fnz
4fod
4fog
4for
4fp1
4fpc
4fph
4fpl
4fpo
4fpy
4fq4
4fri
4frj
4frs
4fse
4fsl
4fsw
4fsz
4ft3
4ft5
4ft7
4fuf
4fuy
4fv0
4fv1
4fv2
4fv6
4fv7
4fv9
4fvx
4fw5
4fwb
4fxq
4fxy
4fzf
4g16
4g1b
4g1f
4g1w
4g2h
4g2i
4g2r
4g31
4g3e
4g3f
4g3g
4g3j
4g55
4g5j
4g6n
4g6o
4g6w
4g77
4g7g
4g86
4g8h
4g8r
4g90
4g93
4g95
4g9c
4ga8
4gab
4gc0
4gca
4ge2
4ge5
4ge6
4gee
4gfd
4gfm
4gfn
4gfo
4gg5
4gg7
4ggl
4ghi
4ght
4gih
4gii
4gj2
4gj3
4gj6
4gjs
4gl9
4glx
4gm8
4gmy
4gpb
4gpt
4gq4
4gql
4gr0
4gr3
4gr8
4gs9
4gsy
4gto
4gu9
4gv1
4gvh
4gvm
4gxs
4h1n
4h2m
4h38
4h3j
4h4c
4h4o
4h52
4h6o
4h81
4h85
4h9g
4hbm
4hbv
4hdc
4hej
4hfc
4hfh
4hge
4hgs
4hgt
4hhy
4hhz
4hiq
4his
4hj2
4hjl
4hjx
4hld
4hlh
4hmn
4hnf
4hni
4ht2
4hu1
4hvc
4hvs
4hw2
4hw3
4hw7
4hws
4hxn
4hxw
4hxx
4hy0
4hy1
4hy5
4hy6
4hyf
4hym
4hzt
4i0d
4i0e
4i0f
4i0g
4i0h
4i0i
4i0j
4i0s
4i0z
4i10
4i12
4i1c
4i22
4i24
4i53
4i54
4i5h
4i5i
4i5x
4i7o
4i7p
4i7q
4i7s
4i7t
4i8n
4i9h
4i9n
4i9o
4i9u
4i9z
4ia0
4ia9
4iae
4ibc
4ibd
4ibe
4ibf
4ibg
4ibi
4ibj
4ibk
4icc
4idt
4ie6
4ieh
4ifv
4ify
4ige
4igf
4igh
4igs
4ihp
4ijh
4ijl
4ijp
4iju
4ijv
4ijw
4ik6
4ikf
4iki
4ikk
4ikr
4iks
4ikt
4iku
4im2
4in4
4inb
4io8
4ipf
4iq6
4iqt
4iqu
4irj
4ise
4isf
4isi
4ith
4iti
4itj
4iu7
4iue
4iui
4iv2
4iv4
4ivo
4ivs
4ivt
4ivw
4ivy
4iw6
4iw8
4iwf
4iwv
4ixc
4ixe
4ixu
4ixv
4iz0
4izw
4j02
4j03
4j04
4j06
4j0p
4j0t
4j0v
4j0y
4j0z
4j14
4j17
4j1c
4j1e
4j1f
4j1h
4j1i
4j1k
4j1z
4j21
4j22
4j2v
4j36
4j3e
4j3j
4j3l
4j3m
4j51
4j52
4j53
4j5d
4j6i
4j74
4j7d
4j7e
4j7v
4j8m
4j8w
4j93
4j9z
4ja8
4jby
4jds
4jh0
4jii
4jik
4jjs
4jju
4jk4
4jkv
4jl9
4jlg
4jlh
4jlj
4jlk
4jlm
4jln
4jlt
4jma
4jnc
4jnk
4joa
4joo
4jp4
4jp9
4jps
4jq2
4jq3
4jq4
4jrg
4js3
4jsc
4jsi
4jsj
4jsm
4jsx
4jtq
4jtu
4jtw
4jty
4jtz
4ju1
4ju2
4ju4
4juo
4jv7
4jv9
4jve
4jvi
4jvm
4jvn
4jvr
4jwr
4jx7
4jyi
4jyw
4jz0
4jz1
4k0y
4k10
4k18
4k1b
4k21
4k2f
4k2g
4k2y
4k4e
4k4i
4k4o
4k4q
4k4r
4k5z
4k60
4k69
4k7q
4k8a
4k9g
4k9h
4kah
4kap
4kb7
4kb8
4kba
4kbc
4kbi
4kbk
4kcn
4kco
4kcr
4kcs
4ke5
4kfg
4kfo
4kgj
4kh2
4khm
4kil
4kin
4kip
4km0
4kmn
4kmp
4kmv
4kn6
4knb
4kni
4knm
4knn
4koe
4kp5
4kpe
4kpf
4kqv
4kra
4ks8
4ksg
4ksh
4ksp
4ksq
4kuv
4kuw
4kwg
4kwp
4ky8
4kyh
4kyk
4kz3
4kz5
4kzc
4kzu
4l02
4l0v
4l2f
4l2g
4l2o
4l4m
4l53
4l6c
4l6q
4l6s
4l7f
4l7h
4l7j
4l7s
4l8m
4l8q
4l8z
4l90
4l91
4l9i
4la0
4la6
4lag
4lau
4laz
4lb3
4lb4
4lbr
4lbs
4lc7
4lh6
4li5
4li7
4li8
4lk6
4lko
4ll5
4lmt
4ln7
4lng
4lnx
4loo
4loy
4lp0
4lpb
4lqg
4lqm
4lrg
4lrm
4ls1
4lsl
4lsn
4lts
4luc
4lud
4luh
4luv
4lv1
4lv2
4lv6
4lv9
4lvt
4lwc
4lwe
4lwg
4lwt
4lwu
4lwv
4lxa
4lxb
4lxd
4lxh
4lxi
4lxk
4lxm
4ly9
4lyf
4lyh
4lz7
4lz8
4lzz
4m1o
4m1s
4m1t
4m1w
4m1y
4m21
4m22
4m3b
4m3d
4m3e
4m3g
4m49
4m4q
4m52
4m5u
4m6q
4m7i
4m81
4m89
4man
4mas
4mbj
4mbs
4mc1
4mc2
4mc6
4mc9
4mda
4mdd
4mdk
4mdn
4mdq
4mep
4mf3
4mg5
4mgb
4mgd
4mgy
4mh0
4mig
4mim
4mjo
4mjq
4mjr
4mk0
4mk1
4mkc
4mm4
4mm9
4mme
4mne
4mof
4moo
4moq
4mor
4mp2
4mq1
4mq2
4mqf
4mqt
4mqu
4mr7
4mrh
4mrm
4mro
4mrw
4ms0
4ms4
4msh
4msu
4mue
4muk
4mun
4muw
4mv5
4mvx
4mvy
4mw0
4mw1
4mw2
4mw4
4mw5
4mw6
4mw7
4mwb
4mwd
4mwe
4mwz
4mxc
4mxo
4my1
4my6
4mya
4mye
4myq
4myx
4mz1
4mz4
4mzs
4n00
4n07
4n14
4n1t
4n1u
4n3r
4n5g
4n5v
4n6d
4n6p
4n70
4n7e
4n8e
4n94
4n95
4n98
4n99
4n9a
4nah
4nak
4nal
4nan
4nat
4nau
4nbl
4nc5
4nc7
4ncg
4ncm
4ncr
4ncs
4nem
4nfn
4nfs
4ngm
4ngq
4ngr
4ngt
4nh7
4nh8
4nh9
4nhm
4nhp
4nhv
4nil
4nir
4nj3
4nju
4nl1
4no7
4not
4nqa
4nqm
4nqn
4nr0
4nr4
4nr7
4nra
4ntx
4nus
4nvi
4nw5
4nw7
4nx2
4nx4
4nxo
4nxs
4nxy
4ny4
4ny9
4nyf
4nyv
4nz2
4o0a
4o0j
4o0o
4o0z
4o10
4o12
4o13
4o16
4o2p
4o2z
4o55
4o6e
4o6l
4o71
4o75
4o77
4o7a
4o7b
4o7f
4o8z
4o91
4o95
4o9s
4oae
4oas
4ob6
4oba
4obo
4obp
4obq
4obv
4oc0
4oc1
4oc2
4oc3
4oc4
4oc5
4oc6
4occ
4ocz
4od0
4ode
4odf
4oew
4og6
4ogn
4ogt
4ogv
4oha
4ohk
4ohm
4oho
4ohu
4oiv
4oj4
4ojq
4ojr
4ok3
4okb
4okw
4olh
4oli
4op1
4op2
4op3
4opx
4oq3
4oql
4oqm
4oqv
4or2
4ori
4orm
4otj
4otr
4oty
4ouc
4ovf
4ovg
4ovh
4ovz
4ow0
4owm
4own
4owo
4oyo
4oyr
4oys
4oyt
4oz2
4oz3
4p1u
4p44
4p45
4p5a
4p5b
4p5q
4p5z
4p6g
4p6w
4p72
4p75
4p8c
4p8h
4p8l
4p8m
4p8n
4p8o
4p8p
4p8t
4p8y
4p90
4pa0
4pb2
4pbr
4pd4
4pd5
4pes
4pf3
4pfa
4pfc
4pfd
4phk
4phl
4phm
4pie
4piq
4pis
4pjv
4pk6
4pkr
4pks
4pkt
4pku
4pkv
4plb
4pm1
4pmp
4pnk
4pns
4pnu
4pnw
4pnz
4pp7
4ppp
4psq
4ptw
4puu
4puw
4pv7
4pvg
4pvo
4pvu
4pwl
4px3
4px5
4pxs
4py2
4py4
4pyv
4pzh
4pzw
4pzx
4q02
4q03
4q07
4q08
4q0d
4q0l
4q1d
4q1e
4q33
4q3r
4q6r
4q7b
4q83
4q87
4q8x
4q9m
4qab
4qac
4qew
4qfr
4qfs
4qg7
4qga
4qgf
4qgg
4qgh
4qh1
4qin
4qiy
4qiz
4qj0
4qj1
4qjc
4qjm
4qjo
4qjp
4qjw
4qjx
4qkn
4ql1
4ql8
4qmn
4qmp
4qms
4qmu
4qmv
4qmx
4qmz
4qnq
4qo4
4qo8
4qoc
4qor
4qox
4qp2
4qpf
4qpp
4qqe
4qr4
4qr6
4qrd
4qsa
4qsi
4qsj
4qte
4qvx
4qw9
4qwe
4qxi
4qxm
4qyy
4qzs
4r1g
4r23
4r3m
4r4c
4r4i
4r4o
4r4q
4r4t
4r5n
4r5s
4r5w
4r5y
4r68
4r69
4r6v
4r7h
4r84
4r88
4ra4
4rab
4rak
4rcd
4rcf
4re9
4rfm
4rfz
4rg0
4rg2
4rio
4rj7
4rjd
4rk8
4rli
4rlo
4rlp
4rls
4rm2
4rol
4rom
4rpk
4rpl
4rpn
4rpo
4rpv
4rqk
4rqv
4rr4
4rrn
4rro
4rrs
4rur
4rv8
4rw6
4rw8
4rx0
4rx5
4ryi
4rz8
4rzt
4s0v
4s1g
4std
4tju
4tkg
4tki
4tlr
4tn4
4tn6
4tor
4tpw
4tqb
4tqc
4tqd
4tqf
4tr9
4trj
4tt5
4ttc
4tuv
4tv8
4tvj
4tvk
4tw9
4twc
4twf
4tww
4tx0
4txn
4ty7
4ty9
4tya
4tyi
4tyo
4tyt
4tzk
4tzt
4u01
4u0i
4u0k
4u27
4u2k
4u2z
4u3b
4u6r
4u7g
4u7h
4u7z
4u80
4u81
4u93
4uaa
4ual
4ub7
4ube
4ubs
4ucc
4ucd
4uce
4ud9
4uda
4udw
4ufu
4ufw
4uga
4ugb
4ugl
4ugx
4uh2
4uh3
4uh9
4uhi
4ui3
4ui6
4ui8
4uiv
4uiy
4uj1
4uj2
4uj9
4uja
4ujb
4um3
4umr
4unq
4uqh
4uqs
4ur0
4ur1
4url
4urm
4urv
4urx
4uuq
4uvd
4uvn
4uvr
4uvv
4uvx
4uvy
4uwf
4uwg
4uwh
4uwi
4uwj
4uwk
4uwl
4uxl
4uxm
4uxq
4uyf
4uyl
4uym
4uzh
4v04
4v0s
4v1h
4v20
4v25
4v26
4v2o
4v3v
4v3w
4v3x
4v3y
4v3z
4w1o
4w1v
4w1x
4w2r
4w4v
4w4x
4w5c
4w6z
4w9n
4w9o
4w9p
4w9q
4w9w
4wag
4wcu
4wdu
4wef
4weg
4wet
4wev
4wey
4wf5
4wf6
4wf8
4wgi
4wh6
4wh7
4wh8
4wh9
4whq
4whr
4whs
4whz
4wi1
4wk7
4wke
4wki
4wlb
4wm7
4wmu
4wmv
4wnk
4wot
4wpd
4wpf
4wpy
4wq2
4wr7
4wrh
4wrs
4wrz
4ws7
4wt2
4wt8
4wtg
4wtu
4wua
4wuq
4wvf
4wvo
4ww6
4wwn
4wwo
4wwp
4www
4wx4
4wx6
4wx7
4wy1
4wy6
4wyg
4x1g
4x21
4x2i
4x2l
4x3j
4x3r
4x5p
4x5r
4x5y
4x5z
4x6h
4x6i
4x6j
4x6m
4x6n
4x6o
4x6p
4x7i
4x7j
4x7k
4x7o
4x7q
4x8s
4x8t
4x8u
4xbb
4xcu
4xdk
4xdl
4xe0
4xe3
4xew
4xey
4xg3
4xg4
4xg8
4xg9
4xgk
4xhd
4xhl
4xhx
4xir
4xit
4xj0
4xja
4xjo
4xjr
4xjs
4xju
4xkx
4xli
4xm6
4xm7
4xmo
4xnv
4xnw
4xpf
4xpg
4xph
4xry
4xrz
4xs2
4xsc
4xsx
4xsy
4xsz
4xt2
4xt9
4xty
4xtz
4xu5
4xuh
4xv1
4xv2
4xv3
4xv9
4xvd
4xwa
4xwk
4xxs
4xy8
4xy9
4xya
4xyf
4xyx
4xzh
4xzi
4xzl
4y14
4y24
4y2a
4y2d
4y2h
4y2q
4y2s
4y2v
4y2y
4y34
4y37
4y39
4y3m
4y3r
4y4e
4y4u
4y51
4y53
4y54
4y59
4y5a
4y5k
4y6d
4y71
4y73
4y76
4y79
4y7a
4y7b
4y86
4y8x
4y8y
4y8z
4yas
4ybi
4ybj
4yct
4yd0
4yd5
4ydm
4ydn
4ydq
4yes
4yff
4yfn
4yhq
4yht
4yia
4yil
4yjo
4yjt
4yju
4yjv
4yk5
4ykt
4yku
4ykw
4ykx
4yl0
4yl3
4ylj
4ylk
4yll
4ylw
4ymq
4ynd
4yne
4yp8
4yps
4yq0
4yqm
4yre
4yrf
4yrg
4yri
4yrj
4yrk
4yrn
4yro
4yrp
4ysx
4ysy
4ysz
4yt6
4yt7
4ytf
4yth
4yti
4ytm
4ytn
4ytp
4yu2
4yur
4yvc
4yvf
4yvp
4yx9
4yxd
4yyl
4yz9
4yzn
4z16
4z1f
4z1g
4z1h
4z1q
4z1s
4z2c
4z2d
4z2e
4z3o
4z4q
4z53
4z69
4z7m
4z83
4z84
4z8b
4z8d
4z90
4z9l
4za8
4zae
4zbq
4zc9
4ze1
4zf5
4zfi
4zg6
4zg7
4zg9
4zga
4zgk
4zgx
4zh2
4zh3
4zh4
4zh8
4zha
4zhz
4zi0
4zim
4zjc
4zji
4zjj
4zjr
4zjw
4zk5
4zl1
4zlo
4zmg
4zms
4znh
4zns
4znt
4znw
4zom
4zp5
4zpe
4zpf
4zpg
4zqd
4zqn
4zqo
4zsg
4zsj
4zsl
4zsp
4zsq
4zsr
4zt2
4zt3
4zt4
4zt5
4zt6
4zt7
4ztf
4zth
4ztj
4ztv
4zum
4zvi
4zvv
4zw3
4zw7
4zx3
4zx4
4zx8
4zx9
4zy2
4zy6
4zyc
4zyf
4zyi
4zzh
4zzi
4zzn
4zzo
4zzy
5a00
5a09
5a0a
5a0b
5a0c
5a14
5a27
5a28
5a2m
5a2s
5a4l
5a4q
5a5i
5a5j
5a86
5a8x
5a8y
5a8z
5a9u
5aac
5aad
5aae
5aaf
5aag
5aau
5aba
5abg
5abw
5acb
5acc
5ack
5acw
5acx
5ad2
5adb
5adg
5ads
5adt
5adz
5ae1
5ae2
5aeg
5aeh
5aep
5afj
5afk
5afm
5afy
5ag4
5agi
5ags
5agt
5agz
5ah6
5ah7
5ah8
5ahg
5ai4
5ai6
5ai9
5aib
5aik
5aix
5ajq
5ajr
5ak2
5ak6
5ake
5akh
5akk
5akw
5akx
5al3
5alb
5ale
5alg
5alj
5aln
5alr
5als
5alv
5aly
5am0
5am6
5ani
5anv
5aoi
5aoj
5aol
5aom
5ap7
5aph
5apj
5ar4
5ar5
5ar8
5arf
5arg
5avi
5avl
5ax3
5axq
5b1s
5b25
5b2u
5b2w
5b2x
5b2y
5b34
5b7b
5bkb
5bkc
5bkd
5bml
5bms
5bni
5bnj
5bnr
5bns
5bo9
5boc
5bp0
5bq0
5bqg
5bqh
5bqi
5bqs
5bru
5bs3
5bs8
5bt3
5bt4
5bt5
5btc
5btd
5btg
5btl
5bui
5buu
5bvd
5bve
5bvf
5bvk
5bvn
5bvo
5bvw
5bwu
5bwv
5bwx
5bwz
5bx2
5bx6
5byz
5c01
5c0l
5c1w
5c28
5c29
5c2a
5c2e
5c2h
5c4s
5c4t
5c4u
5c51
5c53
5c5a
5c7c
5c7d
5c84
5c85
5c9c
5c9r
5c9u
5c9w
5c9x
5caq
5cas
5cau
5cbi
5cbr
5cc2
5cc3
5ccm
5ccz
5cdq
5cei
5ceo
5cep
5cgc
5cgd
5ci7
5cic
5cj6
5clm
5clp
5cmk
5cp5
5cpr
5cqj
5cqu
5cr5
5crz
5cs6
5cse
5csh
5csx
5ct0
5ct7
5ctp
5cu2
5cu4
5cu8
5cud
5cue
5cvf
5cvp
5cw1
5cxa
5cxr
5cy7
5cym
5cyq
5d0r
5d1s
5d1t
5d1u
5d2b
5d3s
5d69
5d6r
5d7p
5d7q
5d7y
5d9j
5d9k
5da3
5dab
5dac
5db0
5db1
5db2
5db3
5dd9
5dda
5ddb
5ddc
5ddd
5dde
5ddf
5de1
5del
5dew
5dey
5dfc
5dfp
5dg5
5dh4
5dhg
5dhh
5dhq
5dht
5did
5die
5dig
5dlx
5dmf
5dn3
5dnj
5dog
5doh
5dp0
5dp5
5dq2
5dq8
5dqe
5dqf
5dqq
5dr2
5dr8
5dr9
5drb
5drj
5drm
5drr
5drs
5drt
5dry
5dsx
5dt0
5dtj
5dtm
5dtq
5dtr
5du4
5du5
5du6
5du8
5duc
5duf
5dwe
5dwi
5dwj
5dwr
5dx4
5dx6
5dx7
5dxh
5dy4
5dy7
5dyc
5dz3
5e0e
5e0i
5e0r
5e1e
5e1x
5e1z
5e20
5e23
5e2m
5e2n
5e2o
5e4a
5e4o
5e58
5e74
5e7n
5e7r
5e80
5e89
5e8a
5e9k
5e9o
5e9q
5e9r
5e9x
5ea4
5ea6
5eab
5eac
5ead
5eae
5eaf
5eag
5eah
5eai
5eau
5ebk
5ebt
5ebv
5ec4
5ec8
5edb
5edc
5ede
5edg
5edi
5edq
5eds
5edt
5ee7
5eeh
5efh
5egm
5egv
5eh7
5ehc
5ehg
5ehi
5ehp
5ehr
5ehw
5ei1
5ei3
5ei4
5eic
5eij
5eis
5eit
5eiw
5eix
5ejv
5ejw
5ejz
5ek0
5ek2
5ek4
5ekx
5em5
5en3
5en4
5enc
5eni
5enj
5enk
5enm
5eob
5eqg
5eqh
5eqr
5eqs
5es1
5esg
5esm
5eth
5etk
5etm
5etn
5eto
5etp
5etr
5ets
5ett
5etv
5eva
5ew3
5ew9
5ewm
5ewy
5exn
5eyc
5eyd
5ezr
5ezz
5f00
5f01
5f02
5f03
5f0a
5f2b
5f2e
5f3c
5f3e
5f3g
5f3i
5f4l
5f4p
5f4r
5f4u
5f60
5f61
5f62
5f63
5f6y
5f79
5f8p
5f9f
5f9t
5fbe
5fbl
5fbn
5fbo
5fbq
5fbr
5fbv
5fbw
5fc4
5fck
5fct
5fd2
5fdg
5fdl
5fdo
5fdp
5fdr
5fdx
5fed
5fet
5fg4
5fg6
5fgk
5fh7
5fh8
5fho
5fi4
5fi8
5fiu
5fj2
5fjv
5flo
5flp
5fls
5fnc
5fng
5fnh
5fni
5fnq
5fnr
5fns
5fnt
5fom
5foq
5for
5fp0
5fp5
5fp6
5fpy
5fr0
5fr9
5frb
5fri
5frm
5frn
5fro
5fs0
5fsa
5ftj
5fto
5ftq
5fts
5ftv
5fu8
5fuh
5fve
5fxq
5fxr
5fxs
5fxt
5fye
5fyt
5fyx
5fz0
5fz1
5fza
5fzh
5fzm
5g03
5g08
5g0t
5g0u
5g10
5g11
5g17
5g1a
5g3j
5g42
5g48
5g4m
5g4n
5g4o
5g4q
5g5w
5g67
5g68
5g69
5g6b
5g6l
5g6v
5giy
5gmm
5gmn
5gmz
5gnk
5gso
5gty
5gtz
5gvm
5gvn
5gvp
5gwi
5gwj
5gzx
5h08
5h22
5h25
5h2u
5h2z
5h3q
5h4d
5h73
5h74
5h8n
5h8q
5h9q
5h9r
5h9s
5ha7
5hbe
5hbh
5hbj
5hcv
5hd0
5hdu
5hdv
5hdx
5hdz
5he0
5he1
5he2
5he3
5he4
5he5
5he7
5hes
5hex
5hg1
5hg7
5hg9
5hi2
5hi3
5hi4
5hi5
5hja
5hjg
5hjp
5hjr
5hjs
5hk2
5hk9
5hka
5hkb
5hls
5hm0
5hmh
5hmi
5hmk
5hmr
5hna
5hne
5hni
5ho6
5hot
5hpb
5hq0
5hqe
5hqz
5hrn
5hs1
5hsr
5hti
5htz
5hu1
5hu9
5hui
5hve
5hvs
5hvy
5hwl
5hxb
5hxf
5hz5
5hz6
5hz8
5hz9
5hzx
5i0b
5i2k
5i2n
5i2r
5i3w
5i3x
5i3y
5i46
5i4u
5i4v
5i56
5i58
5i59
5i6u
5i6x
5i71
5i74
5i7a
5i7f
5i7h
5i7o
5i7u
5i8p
5i8w
5i96
5i9i
5i9l
5i9m
5i9n
5i9x
5i9y
5ia0
5ia1
5ia3
5ia4
5ia5
5iao
5ich
5icp
5idh
5idn
5idp
5ieq
5iev
5iex
5iez
5if2
5if4
5if5
5if7
5if8
5ifb
5ifc
5ifd
5ifl
5ifu
5ign
5ih5
5ih6
5ihc
5iis
5ij7
5ikq
5ikt
5ikv
5ilm
5ime
5imx
5in4
5in9
5inh
5ipz
5ira
5irv
5is0
5is4
5is8
5isc
5isj
5isk
5ism
5iso
5iub
5iuq
5iv4
5ivf
5ivj
5ivt
5ivy
5iw0
5iwa
5iwg
5iwi
5ix0
5ixe
5ixk
5ixs
5ixy
5iz0
5j27
5j2m
5j2p
5j2x
5j3j
5j48
5j58
5j59
5j5s
5j5y
5j64
5j6l
5j6m
5j6s
5j7b
5j7g
5j7p
5j7s
5j82
5j8i
5j8o
5j8z
5j95
5jal
5jao
5jax
5jei
5jf6
5jf7
5jfd
5jfo
5jfr
5jfs
5jfv
5jfx
5jh6
5jha
5jhb
5ji6
5jid
5jim
5jix
5jiz
5jk3
5jkg
5jlc
5jmp
5jms
5jmx
5jnl
5jo3
5jog
5joh
5jov
5jq7
5jrq
5jrs
5jsm
5jt2
5jty
5jun
5jur
5jv0
5jvg
5jvh
5jvl
5jvn
5jwc
5jwm
5jy3
5jyo
5jz9
5jzb
5jzn
5jzs
5k0m
5k0s
5k0t
5k0x
5k14
5k2o
5k3y
5k4i
5k4j
5k4z
5k5n
5k6e
5k6j
5k7k
5k9c
5kae
5kao
5kb3
5kbh
5kbr
5kby
5kce
5kcj
5kco
5kcp
5kcr
5kcs
5kct
5kcw
5kcx
5kd9
5kdq
5kdt
5kge
5kgg
5kgi
5kgt
5kh3
5ki9
5kj2
5kjk
5kjm
5klg
5km4
5kmh
5kmk
5kml
5kmn
5knj
5ko1
5ko8
5kpn
5kpo
5kpp
5kpq
5kq5
5kqf
5kr8
5kra
5krd
5krf
5krk
5krl
5krm
5krt
5ktx
5ku3
5ku9
5kup
5kvt
5kww
5kxa
5kya
5kyj
5kz0
5kz7
5kzi
5kzq
5l01
5l0v
5l1a
5l1e
5l1g
5l2s
5l2y
5l2z
5l3j
5l4h
5l4i
5l4m
5l4u
5l4w
5l4y
5l6j
5l7g
5l7i
5l7t
5l7w
5l7y
5lap
5lav
5law
5lay
5laz
5lca
5lce
5lcj
5lck
5le1
5lf7
5lft
5lg3
5lga
5li8
5lia
5lik
5liu
5liw
5lix
5liy
5lj0
5lj1
5ll9
5lla
5llc
5lle
5llh
5lln
5llo
5llp
5lls
5lm6
5lmk
5ln2
5lo0
5lof
5lov
5lp1
5lpd
5lpj
5lpk
5lpl
5lpm
5lqn
5lqq
5lqr
5lr1
5lr7
5lrl
5lrz
5ls6
5lv3
5lvo
5lw9
5lwe
5lwp
5lws
5lx3
5lx5
5lxc
5lxd
5lyy
5lz4
5lz5
5lz7
5lz8
5lz9
5m05
5m0d
5m0e
5m0m
5m0s
5m12
5m1i
5m2f
5m2g
5m4f
5m4h
5m4p
5m4u
5m6l
5m6n
5m7e
5m7g
5m7m
5m7u
5m8d
5m8g
5m8u
5m8w
5m8x
5m8y
5m8z
5m90
5m91
5m92
5ma0
5ma1
5ma2
5maa
5mah
5mar
5mei
5mes
5mev
5mfq
5mfw
5mge
5mgg
5mgj
5mgl
5mgn
5mhe
5mhg
5mhi
5mhp
5mja
5mjn
5mjt
5mju
5mkr
5mkx
5mky
5mkz
5ml0
5ml2
5ml3
5ml4
5ml5
5ml6
5ml8
5mli
5mlj
5mls
5mma
5mmb
5mmf
5mmr
5mo4
5mo5
5mo6
5mo7
5mo8
5mod
5moe
5mog
5mow
5mp8
5mpj
5mqe
5mqv
5mqy
5mrd
5mrm
5mro
5msa
5msb
5mt0
5mtx
5mty
5mu6
5mut
5mvc
5mvd
5mw2
5mw3
5mw4
5mw6
5mwa
5mwd
5mwp
5mxv
5mxx
5my8
5myl
5myn
5myr
5mys
5myv
5mz3
5mzc
5mzg
5mzi
5mzk
5n12
5n1k
5n1n
5n1o
5n2f
5n32
5n33
5n3d
5n3t
5n4x
5n50
5n51
5n53
5n55
5n5h
5n5l
5n5t
5n5w
5n63
5n69
5n7o
5n7t
5n7u
5n9k
5n9l
5n9n
5n9p
5n9r
5n9s
5n9t
5nab
5nae
5nag
5nah
5nai
5naj
5nal
5nar
5nat
5naw
5nb6
5nb7
5nba
5nbf
5ncf
5ncg
5ncp
5ncq
5ndb
5ndd
5ndu
5ndz
5neg
5nei
5nfh
5nft
5nge
5nje
5njh
5njz
5nk0
5nk1
5nk2
5nk3
5nk4
5nk5
5nk6
5nk8
5nk9
5nka
5nkb
5nkc
5nkd
5nke
5nkf
5nkg
5nkh
5nki
5nli
5nlj
5nn2
5no1
5nob
5noq
5not
5nox
5np8
5npp
5nqc
5nqe
5nr7
5nr8
5nra
5nrf
5nrq
5nsa
5nsd
5nsp
5ntp
5ntq
5ntw
5nu1
5nud
5nuk
5nuu
5nvx
5nwg
5nwh
5nx2
5nx5
5nx7
5nxd
5nxg
5nxi
5nxv
5ny3
5ny6
5nyi
5nz0
5nz1
5o0b
5o0h
5o0j
5o11
5o13
5o1a
5o1b
5o1c
5o1d
5o1e
5o1f
5o1g
5o1h
5o1i
5o1n
5o39
5o3b
5o3c
5o3d
5o3e
5o3f
5o3g
5o3h
5o3i
5o42
5o43
5o48
5o4a
5o4k
5o4l
5o5f
5o5h
5o5r
5o5t
5o5u
5o6h
5o6j
5o6o
5o6x
5o6z
5o72
5o7c
5o7i
5o83
5o90
5o9a
5oae
5oai
5oax
5ob8
5obj
5obk
5obr
5oc8
5ocg
5ocm
5od2
5odq
5ody
5oe6
5oep
5of0
5ofv
5ofw
5og7
5ogc
5ogj
5ogo
5ogw
5ohh
5ohi
5ohj
5ois
5oit
5okd
5olb
5olv
5olz
5omg
5omh
5onl
5oog
5ooh
5op4
5op7
5opa
5opc
5oq4
5oqu
5oqw
5or6
5or8
5or9
5orh
5orj
5ork
5orl
5oro
5orp
5orr
5ort
5orw
5orx
5ory
5os0
5os7
5os8
5osd
5osl
5osp
5osr
5osu
5osw
5osz
5ot5
5ot6
5otd
5oth
5oti
5otl
5oto
5otp
5otr
5ots
5otz
5ou0
5ou1
5ou2
5ou3
5oue
5oug
5oui
5ouj
5ouk
5oul
5oum
5ouu
5ovr
5ovx
5ow1
5ow8
5owc
5owk
5owl
5owq
5owr
5owz
5oxd
5oy6
5p8x
5p8y
5p8z
5p90
5p91
5p92
5p93
5p94
5p95
5p96
5p97
5p98
5p99
5p9a
5p9b
5p9c
5p9d
5p9e
5p9g
5p9h
5p9k
5p9l
5p9n
5p9o
5p9p
5p9r
5p9t
5p9u
5p9w
5p9x
5p9y
5p9z
5pa1
5pa2
5pa6
5pa7
5paf
5pam
5pat
5pax
5pbc
5pgu
5pgv
5pgw
5ph0
5ph1
5ph5
5phg
5phl
5pny
5po6
5po9
5poc
5pot
5prc
5pwc
5pzk
5pzl
5pzm
5pzn
5pzo
5pzp
5pzr
5pzs
5pzt
5pzv
5pzw
5pzx
5pzy
5pzz
5q00
5q01
5q02
5q03
5q04
5q05
5q06
5q07
5q08
5q09
5q0a
5q0b
5q0c
5q0d
5q0e
5q0f
5q0g
5q0h
5q0n
5q0p
5q0r
5q0s
5q0u
5q0v
5q0w
5q0x
5q0y
5q0z
5q10
5q11
5q12
5q13
5q14
5q15
5q16
5q17
5q18
5q1b
5q1c
5q1d
5q1e
5q1f
5q1g
5q1i
5q1m
5q1v
5q1x
5q1z
5q29
5qad
5qae
5qaf
5qb6
5qb7
5qbf
5qbr
5qbu
5qbv
5qbw
5qbx
5qby
5qbz
5qc0
5qc1
5qc2
5qc3
5qc4
5qc5
5qc6
5qc7
5qc8
5qc9
5qca
5qcb
5qcc
5qcd
5qcf
5qcg
5qch
5qci
5qcj
5qck
5qcl
5qcm
5qcn
5qd5
5qde
5qdh
5qdv
5qe3
5qe6
5qe9
5qeb
5qed
5qej
5qen
5qep
5qes
5qeu
5qev
5qew
5qez
5qf2
5qf6
5qf7
5qfa
5qff
5qfj
5qfl
5qfn
5qfo
5qfz
5qgf
5qgs
5qgv
5qgx
5qgy
5qgz
5qh1
5qh3
5qhc
5qhe
5qhg
5qhh
5qhq
5qhr
5qi9
5qic
5qid
5qii
5qij
5qik
5qiq
5qir
5qiu
5qiy
5qiz
5qj0
5qj1
5qj3
5qj8
5qjb
5qju
5qjx
5qk6
5qk7
5qoq
5qor
5qot
5qou
5qow
5qox
5qp0
5qp1
5qp2
5qp3
5qp4
5qp5
5qp6
5qp9
5qpa
5qpm
5qpo
5qpp
5qps
5qpy
5qq4
5qqb
5qqe
5qqo
5qqp
5qqs
5qqv
5qrb
5qrg
5qrn
5qrx
5qs2
5qs8
5qsa
5qsc
5qse
5qsh
5qsj
5qsv
5qt4
5qt7
5qt8
5qt9
5qta
5qte
5qtf
5qtg
5qti
5qtj
5qtl
5qtm
5qtn
5qto
5qtp
5qtq
5qtr
5qts
5qtt
5qtu
5qtv
5qtw
5qtx
5qty
5qtz
5qu0
5qxn
5qxt
5qxy
5qy5
5qya
5qyc
5qyf
5r4e
5r4h
5r4t
5r4w
5r4y
5r5c
5r5f
5r5h
5r5m
5r5n
5r5p
5r5q
5r5u
5r5v
5r5w
5r60
5r7z
5r85
5r8d
5r8m
5r96
5r98
5r9i
5r9s
5r9v
5r9z
5ra4
5ra8
5ra9
5raa
5rab
5rag
5rah
5raj
5ray
5rb4
5rb5
5rb6
5rbv
5rc3
5rc4
5rc7
5rcf
5re8
5rei
5rek
5rep
5rer
5res
5ret
5rf1
5rff
5rfh
5rfn
5rfp
5rfr
5rfu
5rfz
5rg1
5rgh
5rgk
5rgq
5rh1
5rh2
5rh3
5rh4
5rhh
5rhm
5rhn
5rht
5rhu
5rhx
5rjj
5rjk
5rjl
5rjm
5rjn
5rjo
5rjp
5rjq
5rjr
5rk6
5rke
5rkl
5rkm
5rko
5rkq
5rkr
5rkx
5rky
5rl7
5rl8
5rl9
5rlh
5rln
5rlo
5rlp
5rlw
5rm3
5rm4
5rm9
5rmf
5rmj
5rml
5roq
5row
5rph
5rse
5rsl
5rt6
5rth
5rti
5rtq
5rtx
5rtz
5ru0
5ru3
5rua
5rud
5ruf
5ruh
5ruj
5ruo
5rup
5rur
5rv1
5rvi
5rvk
5rvz
5rw0
5rw2
5rw4
5rw7
5rw8
5rw9
5rwf
5rwj
5rwn
5rwr
5rx1
5rx4
5rx6
5rx7
5rx9
5rxa
5rxc
5rxd
5rxe
5rxf
5rxg
5rxh
5rxo
5rxp
5rxs
5rxu
5rxv
5rxw
5ry0
5ry2
5ry4
5ry5
5ry6
5ry8
5ryd
5ryl
5ryn
5ryp
5rys
5ryt
5ryu
5ryv
5ryw
5ryz
5rz4
5rz5
5rz6
5rza
5rzc
5rzd
5rzg
5rzn
5rzo
5rzq
5rzr
5rzs
5rzz
5s1c
5s1w
5s28
5s29
5s2b
5s2n
5s2u
5s2v
5s2y
5s30
5s33
5s38
5s40
5s41
5s42
5s43
5s44
5s45
5s4i
5s4j
5s4m
5s4p
5s4u
5s4z
5s56
5s59
5s5b
5s5e
5s5h
5s5m
5s5p
5s5s
5s5t
5s5v
5s5x
5s5z
5s62
5s7z
5s8j
5s8o
5s8s
5s8w
5s8x
5s91
5s93
5s95
5s97
5s98
5s9a
5s9i
5s9l
5s9m
5s9n
5s9w
5sa1
5sa6
5sa8
5sas
5sau
5sav
5saw
5saz
5sb0
5sb1
5sb2
5sb4
5sb5
5sb6
5sb8
5sb9
5sba
5sbb
5sbc
5sbd
5sbe
5sbp
5scx
5sd1
5sd8
5sd9
5sde
5sdn
5sdo
5sdp
5sl7
5slc
5slh
5sli
5slj
5slk
5slm
5slq
5slr
5sls
5slu
5slv
5slw
5slz
5sm2
5sm4
5sme
5soj
5sok
5sol
5sor
5sos
5sp4
5spj
5spk
5spo
5spq
5spy
5spz
5sq0
5sq1
5sq2
5sq3
5sq4
5sqh
5sqm
5sqn
5sqo
5sqp
5sqr
5sr4
5sr5
5sr6
5sr7
5sr8
5sr9
5sra
5srb
5src
5srd
5sre
5srf
5srg
5srh
5srj
5srk
5srl
5sro
5srq
5srr
5srs
5srt
5sru
5srv
5srw
5srx
5sry
5srz
5ss1
5ss5
5ss7
5ss9
5ssb
5ssf
5ssh
5ssj
5sso
5std
5sw8
5swh
5swt
5sxa
5sxc
5sxe
5sxu
5sxv
5sym
5sys
5t0l
5t0p
5t18
5t1a
5t1u
5t1w
5t2p
5t2t
5t35
5t36
5t37
5t3n
5t3q
5t4k
5t4s
5t5t
5t6a
5t6c
5t6e
5t6h
5t6k
5t6n
5t6s
5t7f
5t7p
5t8e
5t8i
5t8j
5t8q
5t92
5ta8
5tbb
5tbe
5tbm
5tbo
5tbp
5tbw
5tca
5tcc
5tci
5tcj
5tco
5tdi
5te8
5tei
5tel
5tex
5tf5
5tf9
5tft
5tfu
5tg1
5tg3
5tgy
5tgz
5ti2
5ti3
5ti4
5ti5
5ti6
5ti7
5tkb
5tks
5tkt
5tku
5tl8
5tlf
5tll
5tlp
5tlv
5tly
5tm1
5tm2
5tm3
5tm4
5tm7
5tm8
5tm9
5tmd
5tml
5tmm
5tmq
5tmv
5tn7
5tnb
5tno
5tnt
5to8
5tob
5tol
5tp9
5tpa
5tpg
5tq8
5tqg
5tqh
5tqu
5tr4
5tr6
5trf
5trg
5trh
5tri
5trj
5trk
5ts8
5tsf
5tto
5ttz
5tui
5tvj
5tvt
5tw3
5twl
5twm
5twn
5two
5tyj
5tyk
5tyn
5typ
5tys
5tz1
5tzh
5tzl
5tzw
5tzx
5tzy
5tzz
5u00
5u09
5u12
5u1r
5u1y
5u27
5u2t
5u44
5u45
5u46
5u49
5u4a
5u4d
5u4e
5u4f
5u4g
5u5h
5u6b
5u6c
5u6d
5u6e
5u6v
5u6x
5u72
5u7r
5u84
5u86
5u8a
5u8c
5u8f
5u8z
5uap
5ucj
5ueh
5ueo
5ues
5uex
5uey
5ufg
5ufo
5ufp
5ufr
5ufs
5ufu
5ug2
5ug8
5ug9
5ugc
5ugh
5ugt
5uhi
5uhr
5uiu
5uj2
5ujb
5ukk
5ukl
5ukm
5ul0
5ula
5ulp
5um6
5umd
5uop
5uoq
5uos
5up0
5upf
5upg
5uqf
5uqg
5uqh
5uqk
5uqm
5ur1
5ur4
5urj
5urq
5urs
5usq
5usy
5ut1
5utn
5uu1
5uuh
5uuu
5uuv
5uuz
5uv1
5uv2
5uv3
5uvf
5uvw
5uw0
5uwd
5uwf
5uwx
5ux4
5uxe
5uy8
5uz0
5uzc
5uze
5uzs
5v02
5v03
5v0u
5v0w
5v0x
5v2j
5v3h
5v49
5v4g
5v4i
5v4w
5v56
5v5z
5v6s
5v6v
5v6z
5v7i
5v7y
5v82
5v83
5v86
5v88
5v8p
5v8q
5v8r
5v8u
5v8v
5v9l
5v9o
5v9p
5v9u
5vam
5vb5
5vbe
5vbm
5vbp
5vc3
5vc4
5vc5
5vcv
5vcw
5vcy
5vcz
5vd2
5vd3
5vd4
5vd7
5vd8
5vee
5vew
5vi9
5vif
5vih
5vii
5vij
5vj3
5vja
5vlr
5vm0
5vnd
5vo1
5vo2
5vo4
5vof
5vp0
5vp1
5vpm
5vqe
5vqk
5vqn
5vqq
5vqt
5vr7
5vrl
5vrm
5vro
5vrp
5vs5
5vsb
5vsk
5vsq
5vsr
5vsv
5vt7
5vta
5vui
5vup
5vus
5vuv
5vv2
5vvg
5vwv
5vyy
5vzs
5w0e
5w0i
5w0l
5w26
5w2e
5w2u
5w2w
5w2y
5w4r
5w4v
5w4w
5w58
5w5j
5w5o
5w5w
5w6o
5w73
5w7u
5w80
5w8h
5w8i
5w8j
5w8r
5w91
5w92
5w9e
5w9g
5wa6
5wa7
5waf
5wal
5wap
5wb3
5wb6
5wbg
5wbp
5wbq
5wbr
5wbv
5wbx
5wbz
5wc5
5wcf
5wct
5wdc
5wdw
5wdy
5we7
5we8
5we9
5wef
5wep
5wev
5wew
5wex
5wfm
5wfo
5wfp
5wfq
5wg3
5wg4
5wg5
5wgm
5wgx
5wgz
5wh5
5wh6
5whr
5wi0
5wii
5wik
5wil
5wiu
5wj1
5wjj
5wkc
5wkk
5wl0
5wmd
5wmj
5wmt
5wny
5wo4
5wr0
5wre
5wrq
5wry
5wrz
5wtc
5wwv
5wzt
5x1v
5x1w
5x23
5x2s
5x3r
5x4n
5x4o
5x4p
5x4q
5x5o
5x72
5x74
5x7d
5x8i
5x9o
5x9p
5xdk
5xdt
5xdv
5xe1
5xgh
5xhc
5xi7
5xih
5xii
5xio
5xip
5xiq
5xkm
5xl0
5xmp
5xmq
5xmr
5xms
5xmt
5xmu
5xmv
5xp5
5xp7
5xqd
5xqe
5xr5
5xr9
5xra
5xrb
5xs2
5xsr
5xst
5xsu
5xuj
5xva
5xvf
5xvg
5xyx
5xyy
5xyz
5xzg
5y0f
5y0g
5y0x
5y13
5y1h
5y1j
5y1k
5y1q
5y25
5y2i
5y2q
5y3n
5y3o
5y5e
5y5r
5y6d
5y7c
5y7h
5y7j
5y7k
5y7x
5y80
5y8c
5y8w
5y8y
5y8z
5y93
5y94
5y9l
5yak
5yas
5ybf
5yc6
5ycs
5ye8
5yea
5yfy
5yfz
5yg0
5yg1
5yg2
5yg3
5yg4
5ygx
5ygy
5yhl
5yig
5yjk
5yjm
5yjp
5yke
5ylu
5yp6
5yv9
5yvb
5yvo
5ywi
5ywy
5yxd
5yxz
5yy1
5yz7
5z0s
5z12
5z15
5z1c
5z1r
5z1s
5z1t
5z5s
5z9b
5z9l
5z9n
5zab
5zc5
5zcu
5zeq
5zf4
5zf7
5zf8
5zf9
5zfa
5zfb
5zfi
5zg2
5zhp
5zht
5zid
5zj9
5zja
5zkq
5zma
5zni
5znj
5znk
5zpu
5zqr
5zsx
5zun
5zv2
5zxb
5zxh
5zz2
5zzg
5zzt
6a01
6a0b
6a16
6a17
6a1b
6a1c
6a1d
6a1n
6a2d
6a36
6a3n
6a4i
6a5x
6a5y
6a5z
6a6p
6a7p
6a84
6a93
6a94
6a9k
6aad
6ab2
6abl
6abm
6acb
6adc
6adi
6afc
6afe
6afl
6afr
6ah9
6ahs
6ajh
6aji
6ajj
6akw
6aky
6alj
6aol
6aom
6ap6
6aqq
6ar4
6arj
6ark
6ary
6asp
6asq
6ate
6au0
6aum
6aur
6aut
6auu
6aux
6auz
6av1
6av2
6av5
6av6
6av7
6avk
6awe
6awo
6awp
6axa
6ay3
6ay4
6ay5
6ay6
6ay7
6ayb
6ayc
6b0t
6b0v
6b0y
6b0z
6b1c
6b1l
6b1u
6b21
6b2c
6b2e
6b2p
6b2q
6b31
6b33
6b36
6b38
6b3c
6b3e
6b3f
6b3g
6b3h
6b3t
6b3w
6b41
6b5h
6b5j
6b5q
6b5v
6b71
6b73
6b79
6b7d
6b7e
6b7i
6b8j
6b8u
6b8y
6b8z
6b95
6b96
6b97
6b98
6b9l
6ba2
6ba7
6baa
6bad
6bag
6baz
6bb0
6bb1
6bb2
6bb3
6bcr
6bds
6bem
6bfe
6bfv
6bfw
6bfx
6bg3
6bg5
6bgn
6bgu
6bgv
6bgw
6bgx
6bgy
6bgz
6bh0
6bh5
6bj7
6bjo
6bkw
6bky
6bkz
6bl3
6bl4
6bl8
6blf
6bln
6bm7
6bmu
6bmv
6bmy
6bn5
6bn6
6bn7
6bns
6bo1
6boj
6boy
6bp0
6bpl
6bpp
6bpu
6bq0
6bq1
6bqh
6bqj
6bqk
6bql
6br1
6br2
6br3
6brc
6brf
6bru
6bry
6bsg
6bt0
6bt6
6btw
6bu1
6bu3
6bu6
6bvi
6bvj
6bvk
6bvl
6bvm
6bvn
6bw2
6bw8
6bx6
6bxh
6bxy
6by8
6bya
6byz
6bzo
6c0s
6c0t
6c0u
6c18
6c19
6c1b
6c1c
6c1o
6c1r
6c2i
6c2o
6c2r
6c2t
6c2x
6c2y
6c3u
6c4d
6c57
6c67
6c6o
6c7d
6c7e
6c7f
6c7g
6c7i
6c7j
6c7x
6c8c
6c8p
6c91
6c98
6c99
6c9c
6c9g
6c9h
6cad
6caj
6cbh
6cc9
6cck
6ccm
6ccq
6ccs
6ccx
6ccy
6cdj
6cdl
6cdx
6cfd
6cfm
6cfp
6cg1
6chq
6cj9
6cjf
6cjl
6cjr
6cjv
6cke
6ckw
6cm4
6cml
6cmm
6cnh
6cnx
6co5
6cox
6cpw
6cq4
6cq9
6cqc
6cqh
6cr2
6cr3
6cr7
6cr8
6cr9
6crb
6crc
6cre
6csc
6csw
6ct2
6cti
6ctk
6ctl
6ctn
6cto
6ctr
6ctt
6ctu
6ctv
6ctw
6ctx
6cuo
6cup
6cur
6cvh
6cvy
6cx0
6cyb
6cyc
6cyd
6cz1
6cz3
6cz4
6czh
6czw
6d09
6d0b
6d0d
6d0e
6d19
6d1f
6d1g
6d1y
6d1z
6d20
6d26
6d27
6d3e
6d3h
6d3i
6d3m
6d4o
6d4s
6d4w
6d55
6d56
6d59
6d5e
6d5g
6d5h
6d5j
6d5l
6d5m
6d5v
6d5w
6d61
6d6a
6d6b
6d6c
6d6d
6d6l
6d6m
6d6n
6d6o
6d6p
6d7x
6d8e
6da4
6dbc
6dbm
6dbn
6dd0
6dd4
6de9
6del
6den
6deo
6deq
6der
6df6
6dfn
6dfo
6dgt
6dif
6diw
6dj7
6djc
6djh
6djz
6dkb
6dkg
6dki
6dko
6dkw
6dl9
6dli
6dlx
6dlz
6dm8
6dmg
6dmi
6dne
6dnp
6dpq
6dpt
6dpx
6dpy
6dq8
6ds0
6dte
6dtp
6dtw
6dum
6dup
6dvo
6dw5
6dwd
6dwe
6dwk
6dws
6dxx
6dxz
6dy7
6dya
6e0r
6e1q
6e1y
6e22
6e23
6e3e
6e3s
6e3t
6e3z
6e40
6e41
6e42
6e4a
6e4f
6e4l
6e4t
6e4u
6e4w
6e54
6e59
6e5g
6e69
6e6e
6e78
6e7r
6e7s
6e7t
6e7u
6e7v
6e7w
6e7x
6e9p
6ea1
6ea2
6ea4
6eaa
6eab
6ebw
6edl
6ee2
6ee3
6ee4
6ee6
6eea
6eeb
6eed
6eee
6eeh
6eeo
6eg2
6eg3
6eg5
6eg7
6eg9
6ega
6ehk
6ehu
6ei4
6eii
6eim
6eis
6eiy
6ej1
6el5
6el6
6el7
6el9
6elo
6elp
6enq
6eo8
6eo9
6eog
6eol
6eor
6ep1
6epo
6epr
6eq4
6eq7
6eqm
6eqq
6es0
6esn
6et4
6etj
6eu5
6eum
6euv
6euw
6eux
6euy
6ew3
6ew6
6ew7
6ew8
6ex8
6exo
6exq
6ey7
6ey8
6ey9
6eyj
6eyk
6ezf
6ezg
6ezh
6ezp
6ezx
6f06
6f0a
6f0e
6f1w
6f1x
6f26
6f2u
6f6i
6f6n
6f78
6f7b
6f7i
6f86
6f8b
6f8u
6f9l
6fc8
6fcj
6fdc
6fdu
6fdy
6fe0
6fe1
6fe3
6fer
6fet
6fex
6ffh
6ffk
6ffn
6ffs
6fgf
6fgy
6fh7
6fii
6fio
6fiq
6fjf
6fjt
6fk6
6fk7
6fk8
6fka
6fkb
6fkc
6fkd
6fli
6fmd
6fmf
6fne
6fnf
6fng
6fni
6fnj
6fnm
6fnr
6fo0
6fo6
6foy
6foz
6fp0
6fp1
6fph
6fqm
6fqn
6fqs
6fqu
6fr2
6frx
6fs0
6fs7
6fs8
6fs9
6ft4
6ft9
6fu1
6fvf
6fw0
6fw7
6fw9
6fwc
6fy4
6fyl
6fyp
6fyv
6fyz
6fz3
6fz4
6fz5
6fzq
6fzr
6fzu
6fzx
6g07
6g0f
6g0w
6g1u
6g1v
6g1w
6g2f
6g2o
6g2q
6g2r
6g2s
6g2w
6g2x
6g2y
6g30
6g33
6g35
6g36
6g37
6g3a
6g3c
6g3o
6g3y
6g4l
6g4p
6g4z
6g54
6g5j
6g5l
6g5u
6g6t
6g7a
6g83
6g8x
6g91
6g93
6g97
6g98
6g9a
6g9d
6g9h
6g9i
6g9j
6g9k
6g9m
6g9n
6g9u
6gbw
6gbx
6gch
6gcp
6gcq
6gcw
6gcx
6gdq
6ge0
6geo
6ges
6gev
6gey
6gfy
6gfz
6gg8
6gga
6ggg
6ggi
6ggn
6ghv
6gih
6gjb
6gjg
6gjn
6gk9
6gmc
6gmd
6gmi
6gmx
6gn1
6gno
6gnp
6gnr
6gnw
6gob
6goh
6gok
6gon
6gop
6gou
6gpj
6gpx
6gqm
6gqy
6gr7
6gro
6grp
6gt3
6gta
6gu2
6gu4
6gub
6guf
6guk
6gvh
6gwf
6gwg
6gwr
6gx3
6gx8
6gxa
6gxg
6gxk
6gxu
6gxw
6gy1
6gzd
6gzh
6gzm
6h0z
6h11
6h1h
6h1l
6h1o
6h1s
6h1t
6h23
6h34
6h38
6h3q
6h4a
6h4o
6h4p
6h4w
6h4z
6h54
6h6q
6h6r
6h7y
6h7z
6h8r
6h8s
6h8t
6ha9
6haa
6haw
6hax
6hay
6hcu
6hcv
6hcw
6hd4
6hd6
6hdq
6hes
6het
6heu
6hev
6hew
6hex
6hey
6hez
6hf0
6hfv
6hgw
6hhg
6hho
6hhp
6hhq
6hhr
6hie
6hjj
6hjk
6hkj
6hkm
6hkn
6hkq
6hky
6hkz
6hlo
6hlp
6hmb
6hmp
6hmq
6hmr
6hmt
6hmu
6hn0
6hn1
6hn2
6hnc
6hnr
6hnz
6ho0
6ho2
6ho3
6ho4
6ho6
6ho7
6ho8
6ho9
6hoa
6hob
6hoc
6hoe
6hof
6how
6hp9
6hpw
6hpx
6hr2
6hro
6hrp
6hrt
6hrw
6hs0
6hs1
6hs2
6htg
6hti
6hty
6hu0
6hu1
6hu3
6huo
6hup
6hv0
6hwt
6hwu
6hwv
6hx1
6hx8
6i0b
6i0c
6i0j
6i0l
6i0z
6i10
6i12
6i13
6i14
6i15
6i16
6i17
6i18
6i29
6i2y
6i3s
6i46
6i47
6i48
6i4b
6i62
6i6c
6i6f
6i6g
6i6p
6i6t
6i74
6i75
6i76
6i77
6i78
6i7x
6i7y
6i80
6i81
6i8z
6ibf
6ibv
6ic2
6ic6
6iik
6iil
6iim
6iiu
6iiv
6ijx
6il0
6imt
6io0
6iql
6isd
6isn
6itm
6ivx
6iw7
6izn
6j0o
6j1l
6j20
6j3b
6j3c
6jav
6jcj
6jem
6jew
6jf7
6jfe
6jfr
6jke
6jmd
6jme
6jn4
6jn5
6jok
6jp8
6jpe
6jrk
6jrx
6jse
6jsf
6jsg
6jsn
6jsz
6jt3
6jt4
6jtk
6jut
6juu
6jvh
6jwa
6jyp
6jze
6k04
6k0t
6k1s
6k3e
6k3l
6k3n
6kba
6kc6
6kd9
6ke5
6ked
6kee
6keg
6kfd
6kg2
6kgo
6kgq
6khd
6kik
6klk
6ko1
6ko5
6ko9
6koc
6kot
6kp2
6kp7
6kpr
6kqi
6kro
6ku8
6kuy
6kvp
6kvq
6kvs
6kw7
6kx5
6kx7
6kx8
6kxx
6kxy
6kzc
6kzi
6kzp
6l0b
6l0u
6l11
6l12
6l13
6l14
6l15
6l16
6l17
6l2q
6l3r
6l3x
6l6e
6l7l
6l88
6leh
6lfw
6lfx
6lg4
6lg5
6lg7
6lg8
6lg9
6lgt
6lh9
6lhi
6lhj
6li0
6lin
6lio
6ljt
6lju
6ljv
6lkd
6lke
6lkm
6lp6
6lp7
6lp8
6lq9
6lqg
6lr6
6lub
6lue
6luq
6lw0
6lw1
6lw2
6lw8
6lx5
6lxy
6lyy
6lz6
6m07
6m08
6m0k
6m11
6m12
6m13
6m1j
6m1k
6m1s
6m22
6m2b
6m2u
6m2w
6m7h
6m7i
6m8q
6m90
6m91
6m92
6m93
6m9l
6ma1
6ma7
6ma8
6maj
6maw
6maz
6mb1
6mcr
6mcs
6md7
6md8
6md9
6mda
6mdb
6mdc
6mdd
6me4
6mes
6mfe
6mh1
6mh7
6mhb
6mhi
6mhn
6mii
6mj6
6mjj
6mjq
6mju
6mjw
6mkl
6mlf
6mlw
6mn8
6mnv
6mny
6mob
6moz
6mpd
6mr5
6mry
6ms7
6msc
6mtn
6mu8
6mv3
6mva
6mvd
6mvk
6mvo
6mvp
6mvq
6mvx
6mwe
6mwh
6mwl
6mx8
6mxe
6mxx
6mxy
6myn
6myo
6myp
6myr
6myt
6n0d
6n0j
6n0k
6n0m
6n0p
6n0q
6n33
6n3k
6n3l
6n3n
6n3o
6n3z
6n47
6n4b
6n4e
6n4n
6n5c
6n5g
6n6o
6n77
6n78
6n79
6n7a
6n7b
6n80
6n82
6n83
6nad
6nb1
6ncg
6ncj
6ncn
6nco
6ne5
6nel
6ng0
6ng1
6ng2
6ng4
6ng5
6ng6
6ng7
6ng8
6nga
6ngb
6ngc
6ngd
6nge
6ngf
6ngh
6ngi
6ngj
6ngk
6ngl
6ngm
6ngn
6ngp
6ngq
6ngr
6ngs
6ngt
6ngu
6ngv
6ngw
6ngx
6ngy
6ngz
6nh0
6nh1
6nh2
6nh3
6nh4
6nh5
6nh6
6nh7
6nh8
6nhb
6nhc
6nhd
6nhe
6nhf
6njh
6nji
6njj
6njm
6njn
6njs
6nkt
6nkv
6nl4
6nm0
6nnh
6no8
6no9
6noj
6nos
6npe
6npi
6npu
6npv
6nqk
6nql
6nqn
6nqo
6nqp
6nqq
6nqz
6nrg
6nsq
6nts
6nvg
6nvh
6nvi
6nvj
6nvk
6nvl
6nwk
6nws
6nwt
6nwu
6nx1
6nxg
6ny7
6nyo
6nyw
6nze
6nzf
6nzm
6nzq
6nzt
6nzv
6nzw
6o0h
6o0k
6o0l
6o2y
6o2z
6o3c
6o3f
6o3i
6o3z
6o43
6o47
6o4u
6o5g
6o5i
6o5t
6o5y
6o5z
6o6f
6o6g
6o72
6o85
6o8b
6o8i
6o98
6o9o
6oac
6oag
6oah
6oba
6oc0
6oc1
6oco
6ocq
6ocw
6ocz
6od6
6oda
6ode
6oex
6ofl
6og8
6og9
6oga
6ogb
6ogc
6ogl
6ogn
6ogp
6ogq
6ogr
6ogs
6ogt
6ohj
6ohp
6ohq
6ohr
6ohs
6oi8
6oi9
6oia
6oim
6oin
6oip
6oiq
6oir
6oko
6ol2
6one
6onf
6ong
6onh
6onk
6onm
6onv
6onx
6ony
6oo8
6oo9
6ooe
6oof
6ooh
6ooj
6ook
6ooo
6op9
6opk
6oqb
6oqc
6oqd
6oqi
6oql
6oqn
6oqo
6or7
6orv
6ovc
6ow2
6owc
6owh
6owi
6oyd
6oyr
6oyt
6p02
6p0k
6p0m
6p0n
6p0r
6p11
6p12
6p14
6p1d
6p3d
6p3p
6p3u
6p3v
6p5s
6p5v
6p68
6p69
6p6l
6p6s
6p6v
6p6z
6p7g
6p7u
6p83
6p8q
6p8w
6p8x
6p8y
6p8z
6p9f
6p9l
6p9r
6p9t
6pc5
6pd8
6pd9
6pda
6pdb
6pdc
6pdd
6pde
6pdf
6pdg
6peq
6pet
6pf1
6pf3
6pf8
6pfm
6pft
6pgo
6pgp
6pgr
6phz
6pib
6pj3
6pk2
6pkc
6pl1
6pl4
6pl9
6pla
6plb
6plf
6plg
6pm9
6pma
6pmb
6pmc
6pnm
6pnn
6pno
6pp9
6prc
6prf
6prw
6pt2
6pu7
6puu
6puw
6puy
6puz
6pv8
6pvf
6pvj
6pye
6pyz
6pz4
6pza
6pzo
6pzp
6q0d
6q0v
6q0w
6q0z
6q13
6q1b
6q2t
6q2w
6q3b
6q3c
6q3f
6q48
6q49
6q4a
6q4b
6q4c
6q4d
6q4e
6q4k
6q62
6q6f
6q6m
6q6o
6q6y
6q73
6q7a
6q7b
6q7c
6q7d
6q7e
6q7f
6q7g
6q7h
6q7v
6q7w
6q8x
6q91
6q96
6q9h
6q9l
6q9o
6q9q
6q9s
6q9u
6q9w
6qas
6qba
6qbs
6qbu
6qdg
6qe4
6qed
6qee
6qef
6qeh
6qei
6qej
6qel
6qem
6qen
6qft
6qfu
6qfv
6qfw
6qfx
6qge
6qgg
6qgh
6qgj
6qgn
6qj7
6qju
6qjw
6qkk
6qku
6ql1
6ql8
6qlm
6qln
6qlo
6qlp
6qlq
6qlr
6qlt
6qlu
6qlw
6qlx
6qm0
6qm7
6qmc
6qmd
6qme
6qn0
6qn2
6qn5
6qn6
6qng
6qnl
6qod
6qog
6qoh
6qop
6qoy
6qqn
6qqo
6qqp
6qr1
6qsw
6qty
6qu3
6qu4
6qu5
6qu7
6qx2
6qxd
6qxg
6qxk
6qxs
6qxu
6qy7
6qy8
6qyn
6qyo
6qyp
6qz8
6r07
6r08
6r0b
6r0h
6r0k
6r1k
6r2r
6r37
6r38
6r3d
6r3g
6r3i
6r3k
6r3s
6r4b
6r4u
6r5e
6r5f
6r63
6r66
6r67
6r68
6r6e
6r6f
6r6i
6r6j
6r6y
6r71
6r7j
6r7k
6r8g
6r9h
6r9s
6ra5
6ra7
6rb1
6rbc
6rbr
6rbs
6rbt
6rbu
6rbv
6rbw
6rbx
6rby
6rbz
6rc0
6rc3
6rcf
6rcg
6rch
6rcj
6rd2
6rfe
6rff
6rfw
6rhl
6rit
6rj6
6rjj
6rkb
6rkn
6rkp
6rlc
6rln
6rlq
6rlw
6rne
6rnp
6rnr
6rnu
6roe
6rot
6rq6
6rq8
6rqb
6rqd
6rqi
6rrg
6rri
6rs5
6rsb
6rse
6rsh
6rsr
6rst
6rsu
6rsz
6rv3
6rv4
6rwm
6rwn
6rws
6rz2
6rz6
6rz8
6rz9
6rzf
6rzg
6rzh
6rzi
6rzj
6rzk
6rzl
6rzm
6rzx
6s11
6s1j
6s1x
6s25
6s27
6s3a
6s3q
6s40
6s41
6s4f
6s4n
6s4t
6s55
6s56
6s5v
6s60
6s64
6s66
6s69
6s6j
6s7h
6s9b
6s9g
6s9k
6s9z
6sb7
6sbo
6sbt
6sbu
6sc0
6sc9
6scm
6sd7
6sdc
6sdd
6se4
6sfk
6sg0
6shv
6si3
6sii
6siq
6sis
6sjm
6sk5
6slg
6slo
6slr
6slz
6sm8
6sma
6sp9
6spi
6spk
6spm
6sps
6spw
6spx
6sq0
6sq5
6sq7
6sqb
6sql
6std
6su7
6suo
6swq
6swx
6sx9
6syb
6sye
6syp
6syw
6szg
6t10
6t1n
6t1o
6t2h
6t2k
6t2x
6t38
6t3g
6t3p
6t41
6t4e
6t4i
6t4s
6t4w
6t4x
6t54
6t5b
6t5u
6t5v
6t65
6t6a
6t6f
6t6w
6t75
6t7p
6t8p
6t8u
6t8x
6t9t
6t9v
6tal
6tam
6tan
6taw
6tck
6tcu
6td2
6td5
6tdc
6tdf
6tdg
6tdh
6te6
6te7
6tel
6ten
6teq
6tet
6tev
6tf6
6tf7
6tfi
6tfp
6tfv
6tfw
6tfy
6tg4
6tgi
6tgl
6tgu
6th7
6thp
6thw
6thz
6ti9
6tiw
6tjq
6tka
6tkm
6tkn
6tkp
6tkr
6tks
6tl2
6tl9
6tll
6tlo
6tlp
6tlr
6tls
6tlu
6tlv
6tlw
6tm9
6tn2
6tnd
6to7
6tog
6toh
6toi
6toj
6tok
6tol
6tom
6ton
6too
6tos
6tot
6tp3
6tp6
6tpa
6tpf
6tpn
6tq2
6tq6
6tq9
6tqg
6tqs
6tr7
6trx
6try
6tsg
6ttg
6tti
6ttz
6tu4
6tu9
6tuc
6tuf
6tvl
6tvn
6tvw
6tw2
6tw5
6tw6
6tw7
6tw9
6txg
6tyk
6tzi
6tzv
6u0d
6u25
6u26
6u2m
6u2p
6u36
6u38
6u4j
6u5m
6u5y
6u65
6u6a
6u6c
6u6w
6u7c
6u80
6u8b
6u8l
6u8o
6u98
6u99
6u9a
6u9n
6u9r
6uap
6ubo
6ubw
6ucg
6ucs
6ud2
6ud7
6udi
6udl
6udm
6udt
6udu
6udv
6udx
6udy
6uel
6uf0
6ufx
6ugq
6ugr
6uif
6uik
6uil
6uj4
6ujh
6ujj
6ujz
6ukw
6ukz
6ul5
6um8
6umw
6un0
6un5
6uox
6uoz
6upt
6uqd
6urc
6us4
6usa
6usu
6usv
6usw
6ut0
6ut1
6uuo
6uvc
6uve
6uvh
6uvp
6uw2
6uwb
6uwc
6ux0
6uy4
6uya
6uyb
6uyc
6uyh
6uz0
6uz8
6v0p
6v0x
6v17
6v1b
6v1j
6v1m
6v1o
6v1p
6v2f
6v34
6v3h
6v3k
6v3r
6v3w
6v52
6v5k
6v5n
6v5p
6v66
6v6k
6v6l
6v6o
6v8t
6v94
6v9c
6v9e
6v9f
6v9j
6v9l
6v9m
6v9s
6v9v
6vah
6vcb
6vce
6vdk
6vdx
6vei
6vg0
6vgi
6vh1
6vh2
6vh3
6vhp
6vhs
6vix
6vkc
6vke
6vkk
6vl3
6vlm
6vlu
6vlv
6vmz
6vn2
6vn3
6vn5
6vn6
6vnf
6vng
6vnh
6vni
6vnl
6vns
6vnv
6vnx
6vny
6vpf
6vpl
6vqf
6vql
6vqr
6vqs
6vrk
6vrl
6vru
6vrv
6vrz
6vsg
6vsw
6vtn
6vty
6vua
6vv6
6vvb
6vxr
6vxu
6vzh
6w0n
6w0w
6w0x
6w0y
6w0z
6w29
6w2a
6w2j
6w2n
6w2y
6w35
6w3k
6w45
6w49
6w4g
6w4k
6w4y
6w50
6w53
6w56
6w57
6w59
6w5h
6w5j
6w5k
6w5l
6w65
6w6d
6w7f
6w7g
6w7o
6w8c
6w8i
6w8l
6w9h
6w9i
6w9t
6wa2
6waa
6wab
6wad
6wc8
6wcr
6we2
6wgo
6wgx
6whu
6whw
6wii
6wij
6wj5
6wjy
6wkd
6wml
6wnh
6wnk
6wny
6wok
6wpe
6wph
6wpp
6wq7
6wqe
6wqs
6wqt
6ws1
6ws5
6wu8
6wv7
6wvh
6wvx
6wwb
6wxc
6wxn
6wyq
6wyv
6wzw
6x0s
6x10
6x14
6x19
6x1c
6x1e
6x21
6x28
6x2h
6x2j
6x37
6x3c
6x3d
6x3j
6x3n
6x3o
6x3p
6x3u
6x3x
6x48
6x4a
6x4b
6x4c
6x4l
6x5p
6x5y
6x6g
6x6i
6x6r
6x6x
6x6y
6x7a
6x7q
6x85
6x8e
6x8f
6xa1
6xae
6xbl
6xce
6xcf
6xd0
6xd3
6xdb
6xdd
6xdf
6xdm
6xds
6xe4
6xec
6xet
6xf3
6xfp
6xfv
6xid
6xjr
6xjs
6xju
6xk0
6xk9
6xl4
6xlo
6xmk
6xnn
6xnp
6xog
6xp9
6xq7
6xrm
6xt2
6xue
6xug
6xuq
6xv1
6xv7
6xvf
6xy5
6xyu
6xz8
6xz9
6xze
6xzo
6xzs
6xzy
6xzz
6y00
6y02
6y18
6y1p
6y2j
6y3u
6y3w
6y4x
6y5m
6y5o
6y8i
6y8m
6y8n
6y9h
6ya6
6yaa
6yao
6yap
6yaq
6yat
6yb4
6yb6
6ybg
6ybj
6ybk
6ybl
6yd1
6yd5
6yd6
6yd9
6ydb
6ye1
6ye2
6yea
6yg6
6yg7
6ygs
6yh5
6yh6
6yh8
6yhj
6yid
6yil
6yiz
6yjm
6yjv
6yke
6yku
6yl4
6yl8
6ylc
6ylv
6ym4
6ym5
6yni
6ynj
6ynm
6ynn
6yoj
6yq1
6yqn
6yqo
6yqp
6yqv
6yqw
6yr9
6ysj
6ysk
6ysn
6yt1
6yt2
6ytg
6yti
6ytm
6yu1
6yu4
6yuy
6yv0
6yvi
6yvs
6yvw
6yvy
6yvz
6ywa
6yxi
6yxv
6yya
6yyc
6yyd
6yyf
6yyg
6yyp
6yz3
6z07
6z0q
6z0z
6z10
6z17
6z1a
6z2c
6z2s
6z2v
6z39
6z3v
6z45
6z48
6z4b
6z4h
6z4j
6z4s
6z5k
6z79
6z8p
6z9b
6z9d
6za8
6zam
6zbq
6zbt
6zbv
6zbz
6zc3
6zc4
6zc6
6zc7
6zc8
6zci
6zcr
6zde
6ze8
6zfs
6zft
6zfu
6zg9
6zgc
6zgm
6zgo
6zgv
6zgw
6zgz
6zh0
6zis
6zjz
6zlj
6zln
6zoq
6zor
6zos
6zpl
6zqs
6zqz
6zra
6zt2
6ztc
6zu4
6zu8
6zug
6zuh
6zun
6zuu
6zuv
6zuw
6zux
6zv7
6zv8
6zvl
6zwp
6zxi
6zxx
6zy1
6zyu
7a12
7a13
7a14
7a15
7a1b
7a1y
7a1z
7a22
7a2a
7a2h
7a3i
7a3k
7a41
7a47
7a49
7a4b
7a4c
7a4s
7a51
7a5m
7a5n
7a6d
7a6f
7a6i
7a6j
7a7g
7a7h
7a8p
7a90
7aai
7aap
7aax
7aay
7abu
7acu
7adg
7adu
7adv
7aei
7ael
7aem
7aeq
7aes
7afx
7afy
7afz
7aga
7agn
7ah3
7ah4
7ah5
7ah6
7ais
7ait
7aiu
7aiv
7aiw
7aix
7aiy
7aj4
7ajn
7ak0
7ak1
7ak3
7akb
7ake
7akg
7akh
7aki
7ala
7ale
7alv
7amc
7amg
7aol
7ap6
7aps
7apt
7aqf
7aqt
7as1
7at5
7at9
7ats
7atu
7atv
7au4
7aum
7auv
7auz
7av0
7avs
7avu
7avv
7avx
7avz
7aw0
7aw1
7aw2
7aw3
7aw4
7aw5
7awr
7aws
7aww
7ax4
7axa
7axd
7axe
7axf
7axi
7axk
7axl
7axm
7axn
7axq
7ay7
7ayj
7aym
7ayn
7ayq
7ayr
7az0
7az1
7az2
7aze
7azv
7b05
7b0s
7b0v
7b0z
7b16
7b1e
7b1o
7b1p
7b1q
7b1t
7b1u
7b2u
7b30
7b31
7b32
7b33
7b34
7b35
7b36
7b3g
7b3h
7b3i
7b3p
7b3w
7b41
7b42
7b43
7b4s
7b50
7b6f
7b6i
7b7s
7b88
7b89
7b8l
7b8t
7b8z
7b93
7b94
7b9e
7b9o
7b9t
7b9w
7ba3
7ba5
7ba6
7ba7
7baa
7bab
7baq
7bar
7bd9
7bde
7bdp
7bdy
7bfa
7bfw
7bg3
7bhh
7bhs
7bht
7bhu
7bhv
7bhw
7bhx
7bi2
7bij
7bir
7bis
7bit
7biv
7bj0
7bj6
7bjd
7bjm
7bjo
7bju
7bjy
7bkv
7blb
7blu
7bm4
7bmg
7bmi
7bmj
7bmk
7bnj
7bo1
7bpy
7bpz
7bq0
7br3
7bs3
7bsa
7bym
7c04
7c05
7c2e
7c2m
7c3y
7c7b
7c7c
7c7n
7c7o
7c7q
7ca0
7cbg
7cbh
7cbi
7cbj
7ccg
7ccy
7cd0
7ce4
7cfo
7ci4
7ci5
7ci6
7cic
7cid
7cie
7cjk
7ckk
7ckr
7ckw
7cky
7ckz
7cmf
7cmm
7cmw
7cnd
7cnl
7cno
7con
7cpd
7cpq
7cqe
7cqr
7cr1
7cr2
7cr4
7crf
7crh
7ct7
7ctz
7cwa
7cwf
7cwg
7cx9
7cxc
7cxd
7cyw
7d1v
7d22
7d24
7d25
7d26
7d2k
7d2x
7d36
7d3i
7d42
7d4p
7d4q
7d5a
7d5b
7d5l
7d5u
7d6j
7d76
7d7u
7d8j
7d8x
7d9o
7d9p
7d9q
7d9r
7db3
7db4
7db8
7dcz
7dd5
7ddc
7ddz
7df5
7df6
7dfg
7dfp
7dfu
7dfz
7dhc
7di7
7dia
7dkt
7dl4
7dp8
7dq6
7dql
7dqs
7dqw
7dso
7dsq
7dsy
7dt3
7dt5
7dtz
7dug
7duq
7dv0
7dxg
7dxl
7e0o
7e0p
7e0q
7e0s
7e0t
7e0u
7e14
7e1x
7e2z
7e4p
7e4q
7e4r
7e4y
7e4z
7e5i
7e9g
7eb2
7ebh
7ed5
7efx
7eg0
7ehm
7ehn
7ehv
7ej8
7ejc
7ejq
7ejv
7ekp
7ekt
7en3
7en8
7en9
7end
7ene
7eo4
7eot
7epe
7epf
7epz
7er2
7er3
7erb
7erd
7erh
7eri
7erj
7erk
7est
7eu5
7eu7
7eu8
7euv
7euw
7ev2
7ev3
7evj
7evu
7ew7
7ex2
7ex3
7ex4
7ex6
7ex7
7ex8
7exd
7ezf
7f0i
7f1d
7f1g
7f2l
7f2m
7f30
7f35
7f3b
7f3m
7f42
7f58
7f7w
7f80
7f8h
7f8u
7f99
7fal
7faq
7far
7faz
7fcg
7fcm
7fd7
7feh
7fek
7feu
7fgw
7fgy
7fh7
7fh8
7gch
7jgi
7jh2
7jhd
7jlj
7jlm
7jlr
7jmt
7jn3
7jom
7jpk
7jpw
7jpx
7jqa
7jr6
7jra
7jtm
7jto
7jtp
7jtw
7ju5
7jup
7jur
7jus
7juu
7juv
7jux
7juy
7juz
7jv0
7jv8
7jv9
7jvm
7jvn
7jvp
7jvr
7jx9
7jxi
7jxm
7jxp
7jxq
7jxt
7jxw
7jxz
7jy0
7jy1
7jy3
7jy4
7jym
7jyq
7jyr
7jys
7k0v
7k12
7k15
7k1d
7k1e
7k1f
7k2u
7k4c
7k4d
7k4f
7k5e
7k5f
7k5h
7k5m
7k6a
7k6m
7k6r
7k6z
7k87
7k89
7k8g
7kaf
7kbc
7kbg
7kc5
7kco
7kdp
7ke0
7kem
7kh5
7kh8
7khg
7khh
7khl
7kib
7kic
7kid
7kjq
7kjs
7kjw
7kk3
7kk4
7kkh
7kki
7kkn
7kko
7km8
7km9
7knr
7knw
7knx
7kny
7kop
7kox
7kp6
7kp8
7kp9
7kpa
7kpy
7kqd
7kqj
7kqt
7kr6
7krc
7krd
7kre
7krf
7ksi
7ksj
7ksk
7ku9
7kvl
7kwa
7kxd
7kxe
7kxf
7kxl
7kxt
7kxw
7kyf
7kyh
7kyk
7kyv
7kyy
7kz4
7kzy
7l01
7l05
7l0e
7l0k
7l10
7l11
7l12
7l13
7l14
7l1x
7l24
7l25
7l26
7l3b
7l3e
7l3g
7l4t
7l4u
7l4w
7l50
7l5o
7l72
7l7b
7l7g
7l7l
7l7n
7l7o
7l7p
7l8h
7l8i
7l9j
7l9m
7l9y
7lad
7lae
7laj
7lay
7lc4
7lcd
7lci
7lco
7lcu
7ld3
7ldd
7lep
7lgk
7lh7
7lhb
7lhp
7lhz
7li5
7liu
7ljc
7lje
7lk1
7lkl
7ll4
7lmj
7lml
7lo6
7loa
7lob
7loc
7lod
7loe
7lom
7lp0
7lpk
7lps
7lpw
7lpx
7lqu
7lrk
7lro
7lry
7ltj
7ltu
7ltx
7luf
7luh
7luk
7lun
7lwe
7lwf
7lwg
7lx8
7lxb
7lyx
7lzd
7lzf
7lzk
7lzo
7lzq
7lzr
7lzs
7lzu
7lzv
7m00
7m01
7m02
7m03
7m04
7m05
7m0f
7m0h
7m0l
7m0m
7m0n
7m0t
7m0u
7m0v
7m0w
7m0x
7m0y
7m0z
7m17
7m1i
7m1j
7m1k
7m20
7m2e
7m2f
7m2k
7m2n
7m2o
7m3e
7m3f
7m3y
7m3z
7m41
7m4p
7m4t
7m4w
7m5z
7m63
7m7d
7m8m
7m8n
7m8o
7m8p
7m8r
7m8v
7m8x
7m8y
7m8z
7m90
7m91
7m94
7m9f
7m9r
7mbo
7mce
7mcf
7mck
7mct
7mcy
7mdb
7mdp
7met
7mew
7mf0
7mfh
7mgj
7mgk
7mgt
7mhc
7mhd
7mhe
7mi3
7mig
7mii
7mit
7mjo
7mld
7mlq
7mls
7mm5
7mm8
7mma
7mmg
7mmh
7mmi
7mmk
7mng
7mog
7mon
7mpb
7mpd
7mpf
7mr5
7mr6
7mr7
7mr8
7mrb
7mrc
7mrd
7ms5
7ms6
7ms7
7msa
7msb
7msd
7msk
7mso
7mtu
7mtx
7mty
7mvs
7mx0
7mx7
7mxg
7mxh
7mxy
7myj
7myo
7myr
7myu
7myy
7n13
7n18
7n2a
7n44
7n4n
7n4q
7n4y
7n66
7n6f
7n7l
7n7w
7n7x
7n81
7n8r
7n91
7n93
7n9g
7na1
7na2
7na3
7na4
7nag
7naj
7nak
7nb1
7nb2
7nb4
7nb7
7nbw
7nc4
7nd1
7ndp
7ndv
7nec
7neo
7neu
7nex
7ng1
7ngg
7ngi
7ngr
7nhw
7ni4
7nig
7niw
7nj6
7njv
7nld
7nls
7nlx
7nly
7nlz
7nm9
7nml
7nnb
7nnw
7nor
7nos
7nou
7np5
7np6
7npc
7npl
7nqo
7nqp
7nqq
7nqs
7nqw
7nr3
7nr5
7nr7
7nr8
7nr9
7nrg
7nsv
7nth
7nti
7nvi
7nw2
7nwk
7nwv
7nwy
7nxj
7nxk
7nxs
7nxw
7nxy
7nzn
7o04
7o22
7o28
7o29
7o2b
7o2e
7o2f
7o2r
7o2t
7o2u
7o2v
7o3p
7o48
7o6i
7o6k
7o6x
7o70
7o7j
7o7k
7o83
7oa0
7oa1
7oa4
7oai
7oaj
7oak
7oal
7oam
7obw
7ocf
7ofi
7ofk
7oih
7oj6
7ojp
7ojq
7ojy
7ok1
7ok2
7oka
7okb
7okc
7okd
7oke
7okf
7okg
7okh
7okj
7okk
7okl
7okm
7ol8
7onp
7onq
7onr
7oo7
7oog
7ooh
7ook
7oox
7ooy
7ooz
7op9
7opj
7or4
7ore
7orf
7orz
7osp
7ot0
7ot2
7ot3
7ote
7otf
7oty
7ouf
7oug
7ouh
7oul
7oum
7ovd
7ovf
7ovj
7ovk
7ovy
7owv
7oxq
7oz7
7ozk
7ozx
7p0k
7p1e
7p1l
7p1r
7p2g
7p2l
7p2m
7p2n
7p2s
7p2t
7p2u
7p2v
7p2w
7p2x
7p35
7p3c
7p3g
7p3j
7p3v
7p4e
7p4k
7p4u
7p51
7p58
7p5e
7p5k
7p6v
7p88
7pav
7paw
7pcd
7pcp
7pd6
7pdb
7pdr
7pe5
7pe6
7phj
7phn
7pi4
7pj2
7pj9
7pjc
7pjn
7pjr
7pk3
7pk8
7pkk
7pkm
7pkv
7plf
7plz
7pm3
7pom
7por
7pph
7pqs
7pqv
7prc
7prm
7psz
7pue
7pus
7puu
7puv
7puw
7pw6
7pwd
7pwp
7pww
7px6
7q0c
7q0d
7q0e
7q11
7q2e
7q2j
7q3b
7q4a
7q52
7q6n
7q6t
7q7l
7q7r
7q7s
7q7t
7q7u
7q7v
7q7w
7q8v
7q8y
7qb1
7qc1
7qg3
7qga
7qgp
7qgx
7qhb
7qk0
7qk4
7qlt
7qpw
7qpy
7qq6
7qtq
7qu0
7qur
7qvz
7qxy
7qxz
7qy0
7qy1
7qy2
7r0m
7r0n
7r26
7r2b
7r3v
7r4n
7r4o
7r53
7r75
7r7d
7r7i
7r7k
7r7l
7r7r
7r9c
7r9n
7r9p
7r9t
7r9v
7r9y
7r9z
7ra5
7rbt
7rct
7ree
7reg
7rek
7rel
7rem
7rfl
7rfn
7rgo
7rh0
7rh3
7rh4
7rh7
7rhn
7rio
7riu
7riv
7rj4
7rj8
7rje
7rke
7rkl
7rkr
7rkt
7rkw
7rls
7rm2
7rmb
7rmd
7rme
7rmj
7rmt
7rmz
7rn1
7rn2
7rn4
7rnh
7rnk
7rnm
7rnp
7roj
7ros
7rou
7rq8
7rrb
7rrc
7rrd
7rrx
7rry
7rrz
7rs0
7rs1
7rs2
7rs3
7rs4
7rs7
7rs8
7rs9
7rsm
7rsx
7rsy
7rt1
7rt2
7rt3
7rt4
7rt5
7rtq
7rud
7rue
7rui
7run
7rv3
7rv4
7rv5
7rv6
7rv7
7rv8
7rv9
7rvy
7rvz
7rw0
7rw5
7rwg
7rwh
7rwn
7rwo
7rwp
7rwq
7rxr
7rxs
7rxt
7ry3
7ry8
7rya
7ryg
7ryx
7s15
7s1g
7s1i
7s1n
7s1r
7s1s
7s3k
7s3s
7s49
7s4b
7s4c
7s76
7s8c
7s9h
7sac
7se8
7seb
7sec
7sed
7sel
7sff
7sfq
7sii
7sil
7skx
7snp
7so6
7sps
7sqm
7ssb
7sse
7std
7suh
7sui
7suj
7sup
7sv7
7svc
7svd
7t2x
7t3f
7t47
7t5r
7t5z
7t60
7t61
7t6c
7t6s
7t9o
7td4
7tdl
7tfg
7tfp
7tiu
7tiv
7tiw
7tiy
7tiz
7tle
7tlg
7tml
7to6
7tq3
7tq4
7trb
7ts1
7ts2
7ts3
7tsd
7tse
7tsf
7tsn
7tso
7tsp
7tuy
7ty2
7ty3
7tz7
7tzj
7u24
7u2u
7u2z
7u30
7u31
7u33
7u36
7u9s
7u9y
7uam
7uan
7uao
7uas
7ufv
7uh9
7uha
7uks
7ulm
7um4
7ump
7uoq
7up4
7up8
7uyr
7uys
7uyt
7uyu
7uyv
7uyw
7uzn
7v0z
7v10
7v11
7v12
7v13
7v14
7v15
7v16
7v17
7v18
7v3r
7v3s
7v43
7v44
7v45
7v46
7v68
7v8y
7vbt
7vc2
7vc3
7vc5
7vdp
7vdq
7vdr
7vds
7vdu
7vej
7vfw
7vgy
7vjl
7vka
7vkn
7vlo
7vlp
7vod
7voe
7vp9
7vqs
7vqt
7vra
7vre
7vrg
7vsi
7vso
7vtc
7vth
7vu6
7vue
7vuh
7vvt
7vwe
7vwf
7vwg
7vwh
7vxg
7vyq
7w0g
7w47
7w4a
7w4o
7w5o
7w7x
7wc8
7wce
7wct
7wcv
7wdb
7we4
7wf5
7wgl
7wgo
7wgp
7wjs
7wky
7wl4
7wlj
7wll
7wln
7wm7
7wmf
7wmi
7wmo
7wmq
7wmt
7wmu
7wn5
7wna
7wni
7wnx
7wpi
7wpn
7wpx
7wwz
7wx2
7wyl
7wym
7x01
7x2d
7x5r
7x5u
7x5x
7x6m
7xaf
7xh6
7xhe
7xi0
7xij
7xit
7xj5
7xji
7xm7
7xne
7xov
7xr6
7xtq
7xvz
7xwp
7xwq
7xwr
7xz6
7ycc
7yce
7yy3
7yy4
7yy9
7z25
7z2h
7z2i
7z59
7z5x
7z61
7z6l
7z7d
7z8p
7zcz
7zeg
7zeh
7zej
7zi0
7zik
7zjp
7zk3
7zkf
7zlu
7zog
7zv3
830c
8a0u
8a0v
8aau
8an8
8ans
8cu7
8cx5
8cza
8czv
8czx
8d6c
8d6d
8d73
8d76
8d7u
8d7z
8db7
8dhf
8dhg
8dhh
8dl4
8dnj
8dnk
8doy
8dpf
8dpr
8dsy
8dsz
8du3
8dw5
8dyh
8e61
8e6c
8e6d
8ead
8est
9est
